nohup: ignoring input
{ [Error: Cannot find module '../build/Release/bson'] code: 'MODULE_NOT_FOUND' }
js-bson: Failed to load c++ bson extension, using pure JS version
undefined
[0mGET /staff_main [32m200 [0m187.271 ms - 2585[0m
[0mGET /stylesheets/style.css [36m304 [0m1.980 ms - -[0m
[0mGET /datepicker/css/datepicker.css [36m304 [0m0.718 ms - -[0m
[0mGET /datepicker/js/jquery-1.11.3.min.js [36m304 [0m0.483 ms - -[0m
[0mGET /stylesheets/staffMain.css [36m304 [0m0.327 ms - -[0m
[0mGET /bootstrap-3.3.5-dist/js/bootstrap.min.js [36m304 [0m0.320 ms - -[0m
[0mGET /images/girl%20default%20picture.png [36m304 [0m0.612 ms - -[0m
[0mGET /stylesheets/style.css [36m304 [0m0.353 ms - -[0m
[0mGET /datepicker/css/datepicker.css [36m304 [0m0.713 ms - -[0m
[0mGET /stylesheets/adminpunch.css [36m304 [0m0.677 ms - -[0m
[0mGET /stylesheets/supervisorPunchReport.css [36m304 [0m0.333 ms - -[0m
[0mGET /bootstrap-3.3.5-dist/css/bootstrap.min.css [36m304 [0m0.511 ms - -[0m
[0mGET /pickadate/lib/themes/default.css [36m304 [0m0.435 ms - -[0m
[0mGET /pickadate/lib/themes/default.date.css [36m304 [0m0.612 ms - -[0m
[0mGET /pickadate/lib/themes/default.time.css [36m304 [0m0.778 ms - -[0m
undefined
[0mGET /settings [32m200 [0m97.169 ms - 4562[0m
[0mGET /stylesheets/style.css [36m304 [0m1.044 ms - -[0m
[0mGET /datepicker/css/datepicker.css [36m304 [0m3.235 ms - -[0m
[0mGET /bootstrap-3.3.5-dist/js/bootstrap.min.js [36m304 [0m0.894 ms - -[0m
[0mGET /toggleSwitch/normalize.css [36m304 [0m1.034 ms - -[0m
[0mGET /stylesheets/staffSetting.css [36m304 [0m0.300 ms - -[0m
[0mGET /datepicker/js/jquery-1.11.3.min.js [36m304 [0m0.274 ms - -[0m
[0mGET /tagbox/fm.tagator.jquery.css [36m304 [0m0.413 ms - -[0m
[0mGET /stylesheets/toggleSwitchAdjust.css [36m304 [0m0.272 ms - -[0m
[0mGET /toggleSwitch/prefixfree.min.js [36m304 [0m0.424 ms - -[0m
[0mGET /tagbox/fm.tagator.jquery.js [36m304 [0m1.907 ms - -[0m
[0mGET /javascripts/toggleSwitchAdjust.js [36m304 [0m1.151 ms - -[0m
[0mGET /javascripts/tagatorAdjust.js [36m304 [0m1.161 ms - -[0m
undefined
[0mGET /staff_main [36m304 [0m27.711 ms - -[0m
[0mGET /stylesheets/style.css [36m304 [0m0.584 ms - -[0m
[0mGET /datepicker/css/datepicker.css [36m304 [0m0.583 ms - -[0m
[0mGET /bootstrap-3.3.5-dist/js/bootstrap.min.js [36m304 [0m0.709 ms - -[0m
[0mGET /stylesheets/staffMain.css [36m304 [0m0.761 ms - -[0m
[0mGET /datepicker/js/jquery-1.11.3.min.js [36m304 [0m0.657 ms - -[0m
[0mGET /images/girl%20default%20picture.png [36m304 [0m0.436 ms - -[0m
undefined
[0mGET /staff_main [36m304 [0m22.792 ms - -[0m
[0mGET /stylesheets/style.css [36m304 [0m0.493 ms - -[0m
[0mGET /datepicker/css/datepicker.css [36m304 [0m0.447 ms - -[0m
[0mGET /datepicker/js/jquery-1.11.3.min.js [36m304 [0m0.635 ms - -[0m
[0mGET /stylesheets/staffMain.css [36m304 [0m0.225 ms - -[0m
[0mGET /bootstrap-3.3.5-dist/js/bootstrap.min.js [36m304 [0m0.445 ms - -[0m
[0mGET /images/girl%20default%20picture.png [36m304 [0m0.512 ms - -[0m
undefined
[0mGET /staff_main [36m304 [0m17.159 ms - -[0m
[0mGET /stylesheets/style.css [36m304 [0m0.441 ms - -[0m
[0mGET /datepicker/css/datepicker.css [36m304 [0m1.133 ms - -[0m
[0mGET /stylesheets/staffMain.css [36m304 [0m0.713 ms - -[0m
[0mGET /datepicker/js/jquery-1.11.3.min.js [36m304 [0m0.389 ms - -[0m
[0mGET /bootstrap-3.3.5-dist/js/bootstrap.min.js [36m304 [0m0.374 ms - -[0m
[0mGET /images/girl%20default%20picture.png [36m304 [0m0.391 ms - -[0m
undefined
[0mGET /staff_main [36m304 [0m18.889 ms - -[0m
[0mGET /stylesheets/style.css [36m304 [0m0.962 ms - -[0m
[0mGET /stylesheets/staffMain.css [36m304 [0m0.299 ms - -[0m
[0mGET /datepicker/css/datepicker.css [36m304 [0m0.368 ms - -[0m
[0mGET /bootstrap-3.3.5-dist/js/bootstrap.min.js [36m304 [0m0.394 ms - -[0m
[0mGET /datepicker/js/jquery-1.11.3.min.js [36m304 [0m0.303 ms - -[0m
[0mGET /images/girl%20default%20picture.png [36m304 [0m0.382 ms - -[0m
[0mGET /stylesheets/style.css [36m304 [0m0.358 ms - -[0m
[0mGET /datepicker/css/datepicker.css [36m304 [0m0.280 ms - -[0m
[0mGET /stylesheets/supervisorPunchReport.css [36m304 [0m0.297 ms - -[0m
[0mGET /stylesheets/adminpunch.css [36m304 [0m0.440 ms - -[0m
[0mGET /pickadate/lib/themes/default.css [36m304 [0m0.393 ms - -[0m
[0mGET /bootstrap-3.3.5-dist/css/bootstrap.min.css [36m304 [0m0.250 ms - -[0m
[0mGET /pickadate/lib/themes/default.time.css [36m304 [0m0.868 ms - -[0m
[0mGET /pickadate/lib/themes/default.date.css [36m304 [0m0.832 ms - -[0m
undefined
[0mGET /staff_main [36m304 [0m21.915 ms - -[0m
[0mGET /datepicker/css/datepicker.css [36m304 [0m0.856 ms - -[0m
[0mGET /stylesheets/style.css [36m304 [0m0.361 ms - -[0m
[0mGET /stylesheets/staffMain.css [36m304 [0m0.255 ms - -[0m
[0mGET /datepicker/js/jquery-1.11.3.min.js [36m304 [0m0.579 ms - -[0m
[0mGET /bootstrap-3.3.5-dist/js/bootstrap.min.js [36m304 [0m0.281 ms - -[0m
[0mGET /images/girl%20default%20picture.png [36m304 [0m0.396 ms - -[0m
undefined
[0mGET /recentRecords [32m200 [0m39.183 ms - 3933[0m
[0mGET /datepicker/css/datepicker.css [36m304 [0m0.707 ms - -[0m
[0mGET /datepicker/js/jquery-1.11.3.min.js [36m304 [0m0.862 ms - -[0m
[0mGET /stylesheets/style.css [36m304 [0m0.866 ms - -[0m
[0mGET /bootstrap-3.3.5-dist/js/bootstrap.min.js [36m304 [0m0.390 ms - -[0m
[0mGET /stylesheets/adminpunch.css [36m304 [0m0.367 ms - -[0m
[0mGET /stylesheets/staffPunchReport.css [36m304 [0m0.342 ms - -[0m
[0mGET /bootstrap-3.3.5-dist/css/bootstrap.min.css [36m304 [0m0.683 ms - -[0m
[0mGET /pickadate/lib/themes/default.css [36m304 [0m1.157 ms - -[0m
[0mGET /pickadate/lib/picker.js [36m304 [0m0.689 ms - -[0m
[0mGET /pickadate/lib/themes/default.time.css [36m304 [0m0.656 ms - -[0m
[0mGET /pickadate/lib/themes/default.date.css [36m304 [0m0.832 ms - -[0m
[0mGET /pickadate/lib/picker.date.js [36m304 [0m0.391 ms - -[0m
[0mGET /pickadate/lib/picker.time.js [36m304 [0m1.701 ms - -[0m
[0mGET /javascripts/pickadateControl.js [36m304 [0m1.872 ms - -[0m
undefined
[0mGET /settings [31m500 [0m13.584 ms - 2705[0m
[0mGET /datepicker/css/datepicker.css [36m304 [0m0.530 ms - -[0m
[0mGET /stylesheets/style.css [36m304 [0m0.502 ms - -[0m
[0mGET /datepicker/js/jquery-1.11.3.min.js [36m304 [0m0.465 ms - -[0m
[0mGET /bootstrap-3.3.5-dist/js/bootstrap.min.js [36m304 [0m0.494 ms - -[0m
undefined
[0mGET /settings [32m200 [0m72.439 ms - 4562[0m
[0mGET /stylesheets/style.css [36m304 [0m0.721 ms - -[0m
[0mGET /datepicker/css/datepicker.css [36m304 [0m0.444 ms - -[0m
[0mGET /stylesheets/staffSetting.css [36m304 [0m0.819 ms - -[0m
[0mGET /toggleSwitch/normalize.css [36m304 [0m0.371 ms - -[0m
[0mGET /tagbox/fm.tagator.jquery.css [36m304 [0m0.342 ms - -[0m
[0mGET /stylesheets/toggleSwitchAdjust.css [36m304 [0m0.279 ms - -[0m
[0mGET /datepicker/js/jquery-1.11.3.min.js [36m304 [0m0.634 ms - -[0m
[0mGET /bootstrap-3.3.5-dist/js/bootstrap.min.js [36m304 [0m0.345 ms - -[0m
[0mGET /toggleSwitch/prefixfree.min.js [36m304 [0m0.320 ms - -[0m
[0mGET /tagbox/fm.tagator.jquery.js [36m304 [0m0.525 ms - -[0m
[0mGET /javascripts/toggleSwitchAdjust.js [36m304 [0m0.220 ms - -[0m
[0mGET /javascripts/tagatorAdjust.js [36m304 [0m0.288 ms - -[0m
undefined
[0mGET /settings [36m304 [0m69.342 ms - -[0m
[0mGET /stylesheets/style.css [36m304 [0m0.526 ms - -[0m
[0mGET /datepicker/css/datepicker.css [36m304 [0m0.399 ms - -[0m
[0mGET /tagbox/fm.tagator.jquery.css [36m304 [0m0.504 ms - -[0m
[0mGET /stylesheets/staffSetting.css [36m304 [0m0.363 ms - -[0m
[0mGET /bootstrap-3.3.5-dist/js/bootstrap.min.js [36m304 [0m0.323 ms - -[0m
[0mGET /toggleSwitch/prefixfree.min.js [36m304 [0m0.259 ms - -[0m
[0mGET /tagbox/fm.tagator.jquery.js [36m304 [0m0.273 ms - -[0m
[0mGET /javascripts/tagatorAdjust.js [36m304 [0m0.492 ms - -[0m
[0mGET /javascripts/toggleSwitchAdjust.js [36m304 [0m0.471 ms - -[0m
[0mGET /toggleSwitch/normalize.css [36m304 [0m0.458 ms - -[0m
[0mGET /datepicker/js/jquery-1.11.3.min.js [36m304 [0m0.660 ms - -[0m
[0mGET /stylesheets/toggleSwitchAdjust.css [36m304 [0m0.357 ms - -[0m
undefined
[0mGET /settings [32m200 [0m45.152 ms - 4789[0m
[0mGET /stylesheets/style.css [36m304 [0m0.689 ms - -[0m
[0mGET /datepicker/css/datepicker.css [36m304 [0m0.252 ms - -[0m
[0mGET /toggleSwitch/normalize.css [36m304 [0m0.673 ms - -[0m
[0mGET /stylesheets/staffSetting.css [36m304 [0m0.599 ms - -[0m
[0mGET /tagbox/fm.tagator.jquery.css [36m304 [0m0.657 ms - -[0m
[0mGET /stylesheets/toggleSwitchAdjust.css [36m304 [0m0.218 ms - -[0m
[0mGET /datepicker/js/jquery-1.11.3.min.js [36m304 [0m0.362 ms - -[0m
[0mGET /bootstrap-3.3.5-dist/js/bootstrap.min.js [36m304 [0m0.615 ms - -[0m
[0mGET /javascripts/toggleSwitchAdjust.js [36m304 [0m1.116 ms - -[0m
[0mGET /tagbox/fm.tagator.jquery.js [36m304 [0m0.786 ms - -[0m
[0mGET /toggleSwitch/prefixfree.min.js [36m304 [0m0.524 ms - -[0m
[0mGET /javascripts/tagatorAdjust.js [36m304 [0m0.606 ms - -[0m
undefined
authentication: session missing -> undefined
[0mGET / [32m200 [0m17.052 ms - 2915[0m
[0mGET /stylesheets/style.css [32m200 [0m5.973 ms - 3309[0m
[0mGET /tagbox/fm.tagator.jquery.css [32m200 [0m0.952 ms - 2095[0m
[0mGET /datepicker/css/datepicker.css [32m200 [0m0.538 ms - 4953[0m
[0mGET /datepicker/js/jquery-1.11.3.min.js [32m200 [0m0.820 ms - 95957[0m
[0mGET /bootstrap-3.3.5-dist/js/bootstrap.min.js [32m200 [0m0.593 ms - 36816[0m
[0mGET /images/adminsyslogo.png [32m200 [0m0.582 ms - 46360[0m
[0mGET /tagbox/fm.tagator.jquery.js [32m200 [0m0.607 ms - 14946[0m
[0mGET /images/pink%20personicon.png [32m200 [0m0.600 ms - 2236[0m
[0mGET /images/pinkcheck.png [32m200 [0m0.996 ms - 1730[0m
[0mGET /images/pink%20lock.png [32m200 [0m1.067 ms - 1192[0m
[0mGET /fonts/Anivers_Regular.otf [32m200 [0m0.915 ms - 42412[0m
[0mGET /fonts/DINBek.ttf [32m200 [0m0.529 ms - 44628[0m
undefined
[0mPOST /login [32m200 [0m22.081 ms - 1255[0m
[0mGET /stylesheets/message.css [32m200 [0m0.527 ms - 1053[0m
[0mGET /bootstrap-3.3.5-dist/js/bootstrap.min.js [36m304 [0m1.358 ms - -[0m
[0mGET /stylesheets/style.css [36m304 [0m0.262 ms - -[0m
[0mGET /datepicker/css/datepicker.css [36m304 [0m0.534 ms - -[0m
[0mGET /datepicker/js/jquery-1.11.3.min.js [36m304 [0m0.580 ms - -[0m
[0mGET /images/pinkcheck.png [36m304 [0m0.364 ms - -[0m
undefined
[0mGET / [36m302 [0m5.283 ms - 78[0m
undefined
[0mGET /staff_main [32m200 [0m19.673 ms - 2585[0m
[0mGET /stylesheets/staffMain.css [32m200 [0m0.859 ms - 2625[0m
[0mGET /images/boydefaultpicture.png [32m200 [0m0.824 ms - 26439[0m
[0mGET /datepicker/css/datepicker.css [36m304 [0m0.262 ms - -[0m
[0mGET /datepicker/js/jquery-1.11.3.min.js [36m304 [0m0.408 ms - -[0m
[0mGET /stylesheets/style.css [36m304 [0m0.383 ms - -[0m
[0mGET /bootstrap-3.3.5-dist/js/bootstrap.min.js [36m304 [0m0.348 ms - -[0m
undefined
[0mGET /settings [32m200 [0m39.104 ms - 4790[0m
[0mGET /stylesheets/staffSetting.css [32m200 [0m0.570 ms - 6891[0m
[0mGET /fonts/SimHei.ttf [32m200 [0m5947.794 ms - 9751076[0m
[0mGET /stylesheets/style.css [36m304 [0m0.244 ms - -[0m
[0mGET /toggleSwitch/normalize.css [32m200 [0m1.055 ms - 2100[0m
[0mGET /tagbox/fm.tagator.jquery.css [36m304 [0m0.638 ms - -[0m
[0mGET /javascripts/toggleSwitchAdjust.js [32m200 [0m0.537 ms - 1075[0m
[0mGET /stylesheets/toggleSwitchAdjust.css [32m200 [0m0.365 ms - 1329[0m
[0mGET /datepicker/css/datepicker.css [36m304 [0m1.511 ms - -[0m
[0mGET /toggleSwitch/prefixfree.min.js [32m200 [0m0.621 ms - 5888[0m
[0mGET /javascripts/tagatorAdjust.js [32m200 [0m0.602 ms - 92[0m
[0mGET /datepicker/js/jquery-1.11.3.min.js [36m304 [0m0.395 ms - -[0m
[0mGET /bootstrap-3.3.5-dist/js/bootstrap.min.js [36m304 [0m0.962 ms - -[0m
[0mGET /tagbox/fm.tagator.jquery.js [36m304 [0m0.926 ms - -[0m
[0mGET /fonts/Anivers_Regular.otf [36m304 [0m0.426 ms - -[0m
undefined
1
[0mPOST /enableEmail/undefined [32m200 [0m46.365 ms - 5832[0m
undefined
[0mGET /chlang/en [32m200 [0m1.098 ms - -[0m
en
[0mGET /settings [32m200 [0m36.670 ms - 4805[0m
[0mGET /stylesheets/style.css [36m304 [0m0.367 ms - -[0m
[0mGET /datepicker/css/datepicker.css [36m304 [0m0.246 ms - -[0m
[0mGET /toggleSwitch/normalize.css [36m304 [0m0.753 ms - -[0m
[0mGET /stylesheets/staffSetting.css [36m304 [0m0.754 ms - -[0m
[0mGET /stylesheets/toggleSwitchAdjust.css [36m304 [0m0.276 ms - -[0m
[0mGET /tagbox/fm.tagator.jquery.css [36m304 [0m0.312 ms - -[0m
[0mGET /datepicker/js/jquery-1.11.3.min.js [36m304 [0m0.401 ms - -[0m
[0mGET /bootstrap-3.3.5-dist/js/bootstrap.min.js [36m304 [0m0.374 ms - -[0m
[0mGET /javascripts/toggleSwitchAdjust.js [36m304 [0m0.272 ms - -[0m
[0mGET /javascripts/tagatorAdjust.js [36m304 [0m0.234 ms - -[0m
[0mGET /tagbox/fm.tagator.jquery.js [36m304 [0m0.692 ms - -[0m
[0mGET /toggleSwitch/prefixfree.min.js [36m304 [0m0.408 ms - -[0m
[0mGET /fonts/SimHei.ttf [32m200 [0m7884.893 ms - 9751076[0m
en
[0mGET /recentRecords [32m200 [0m47.437 ms - 3888[0m
[0mGET /stylesheets/adminpunch.css [32m200 [0m1.117 ms - 1984[0m
[0mGET /stylesheets/staffPunchReport.css [32m200 [0m0.848 ms - 2926[0m
[0mGET /pickadate/lib/themes/default.css [32m200 [0m1.062 ms - 3880[0m
[0mGET /bootstrap-3.3.5-dist/css/bootstrap.min.css [32m200 [0m1.355 ms - 122540[0m
[0mGET /pickadate/lib/themes/default.date.css [32m200 [0m0.521 ms - 6042[0m
[0mGET /stylesheets/style.css [36m304 [0m0.745 ms - -[0m
[0mGET /pickadate/lib/themes/default.time.css [32m200 [0m0.852 ms - 2785[0m
[0mGET /datepicker/css/datepicker.css [36m304 [0m0.946 ms - -[0m
[0mGET /pickadate/lib/picker.js [32m200 [0m0.553 ms - 36941[0m
[0mGET /pickadate/lib/picker.date.js [32m200 [0m0.900 ms - 48158[0m
[0mGET /pickadate/lib/picker.time.js [32m200 [0m0.600 ms - 31899[0m
[0mGET /javascripts/pickadateControl.js [32m200 [0m0.435 ms - 284[0m
[0mGET /datepicker/js/jquery-1.11.3.min.js [36m304 [0m0.438 ms - -[0m
[0mGET /bootstrap-3.3.5-dist/js/bootstrap.min.js [36m304 [0m0.418 ms - -[0m
[0mGET /fonts/Anivers_Regular.otf [36m304 [0m1.022 ms - -[0m
[0mGET /fonts/SimHei.ttf [32m200 [0m5054.788 ms - 9751076[0m
undefined
authentication: session missing -> undefined
[0mGET /staff_main [32m200 [0m26.045 ms - 2921[0m
[0mGET /stylesheets/style.css [32m200 [0m0.695 ms - 3309[0m
[0mGET /datepicker/css/datepicker.css [32m200 [0m0.727 ms - 4953[0m
[0mGET /tagbox/fm.tagator.jquery.css [32m200 [0m0.795 ms - 2095[0m
[0mGET /datepicker/js/jquery-1.11.3.min.js [32m200 [0m1.262 ms - 95957[0m
[0mGET /bootstrap-3.3.5-dist/js/bootstrap.min.js [32m200 [0m0.666 ms - 36816[0m
[0mGET /tagbox/fm.tagator.jquery.js [32m200 [0m0.474 ms - 14946[0m
[0mGET /images/adminsyslogo.png [32m200 [0m0.607 ms - 46360[0m
[0mGET /images/pink%20personicon.png [32m200 [0m0.545 ms - 2236[0m
[0mGET /images/pink%20lock.png [32m200 [0m0.505 ms - 1192[0m
[0mGET /images/pinkcheck.png [32m200 [0m0.778 ms - 1730[0m
[0mGET /fonts/Anivers_Regular.otf [32m200 [0m1.270 ms - 42412[0m
[0mGET /fonts/DINBek.ttf [32m200 [0m1.087 ms - 44628[0m
[0mGET /images/adminsyslogo.png [36m304 [0m0.379 ms - -[0m
en
[0mGET / [36m302 [0m6.832 ms - 78[0m
en
[0mGET /staff_main [32m200 [0m41.566 ms - 2572[0m
[0mGET /stylesheets/style.css [36m304 [0m0.527 ms - -[0m
[0mGET /datepicker/css/datepicker.css [36m304 [0m0.421 ms - -[0m
[0mGET /datepicker/js/jquery-1.11.3.min.js [36m304 [0m0.620 ms - -[0m
[0mGET /stylesheets/staffMain.css [36m304 [0m0.534 ms - -[0m
[0mGET /bootstrap-3.3.5-dist/js/bootstrap.min.js [36m304 [0m0.273 ms - -[0m
[0mGET /images/boydefaultpicture.png [36m304 [0m0.364 ms - -[0m
[0mGET /fonts/Anivers_Regular.otf [36m304 [0m0.372 ms - -[0m
en
[0mGET /recentRecords [36m304 [0m26.732 ms - -[0m
[0mGET /stylesheets/style.css [36m304 [0m0.433 ms - -[0m
[0mGET /datepicker/css/datepicker.css [36m304 [0m0.386 ms - -[0m
[0mGET /stylesheets/staffPunchReport.css [36m304 [0m0.485 ms - -[0m
[0mGET /stylesheets/adminpunch.css [36m304 [0m0.619 ms - -[0m
[0mGET /pickadate/lib/themes/default.css [36m304 [0m0.354 ms - -[0m
[0mGET /bootstrap-3.3.5-dist/css/bootstrap.min.css [36m304 [0m0.342 ms - -[0m
[0mGET /pickadate/lib/themes/default.date.css [36m304 [0m0.358 ms - -[0m
[0mGET /pickadate/lib/themes/default.time.css [36m304 [0m0.480 ms - -[0m
[0mGET /datepicker/js/jquery-1.11.3.min.js [36m304 [0m0.435 ms - -[0m
[0mGET /pickadate/lib/picker.js [36m304 [0m0.580 ms - -[0m
[0mGET /bootstrap-3.3.5-dist/js/bootstrap.min.js [36m304 [0m0.518 ms - -[0m
[0mGET /pickadate/lib/picker.time.js [36m304 [0m0.442 ms - -[0m
[0mGET /javascripts/pickadateControl.js [36m304 [0m0.212 ms - -[0m
[0mGET /pickadate/lib/picker.date.js [36m304 [0m0.377 ms - -[0m
en
[0mGET /settings [36m304 [0m44.722 ms - -[0m
[0mGET /datepicker/css/datepicker.css [36m304 [0m0.501 ms - -[0m
[0mGET /stylesheets/style.css [36m304 [0m0.608 ms - -[0m
[0mGET /stylesheets/staffSetting.css [36m304 [0m0.433 ms - -[0m
[0mGET /stylesheets/toggleSwitchAdjust.css [36m304 [0m1.170 ms - -[0m
[0mGET /tagbox/fm.tagator.jquery.css [36m304 [0m1.191 ms - -[0m
[0mGET /toggleSwitch/normalize.css [36m304 [0m0.607 ms - -[0m
[0mGET /javascripts/toggleSwitchAdjust.js [36m304 [0m0.525 ms - -[0m
[0mGET /toggleSwitch/prefixfree.min.js [36m304 [0m0.954 ms - -[0m
[0mGET /datepicker/js/jquery-1.11.3.min.js [36m304 [0m0.710 ms - -[0m
[0mGET /bootstrap-3.3.5-dist/js/bootstrap.min.js [36m304 [0m0.721 ms - -[0m
[0mGET /tagbox/fm.tagator.jquery.js [36m304 [0m0.730 ms - -[0m
[0mGET /javascripts/tagatorAdjust.js [36m304 [0m0.756 ms - -[0m
en
1
[0mPOST /enableEmail/undefined [32m200 [0m41.684 ms - 5844[0m
en
[0mGET /chlang/cn [32m200 [0m1.611 ms - -[0m
cn
[0mGET /settings [32m200 [0m39.544 ms - 4790[0m
[0mGET /datepicker/css/datepicker.css [36m304 [0m0.556 ms - -[0m
[0mGET /stylesheets/style.css [36m304 [0m0.447 ms - -[0m
[0mGET /toggleSwitch/normalize.css [36m304 [0m0.854 ms - -[0m
[0mGET /stylesheets/staffSetting.css [36m304 [0m0.527 ms - -[0m
[0mGET /stylesheets/toggleSwitchAdjust.css [36m304 [0m0.319 ms - -[0m
[0mGET /tagbox/fm.tagator.jquery.css [36m304 [0m0.214 ms - -[0m
[0mGET /datepicker/js/jquery-1.11.3.min.js [36m304 [0m0.376 ms - -[0m
[0mGET /bootstrap-3.3.5-dist/js/bootstrap.min.js [36m304 [0m0.294 ms - -[0m
[0mGET /toggleSwitch/prefixfree.min.js [36m304 [0m0.375 ms - -[0m
[0mGET /javascripts/toggleSwitchAdjust.js [36m304 [0m0.366 ms - -[0m
[0mGET /tagbox/fm.tagator.jquery.js [36m304 [0m0.393 ms - -[0m
[0mGET /javascripts/tagatorAdjust.js [36m304 [0m0.390 ms - -[0m
cn
[0mGET / [36m302 [0m3.436 ms - 78[0m
cn
[0mGET /staff_main [32m200 [0m16.271 ms - 2585[0m
[0mGET /stylesheets/style.css [36m304 [0m1.175 ms - -[0m
[0mGET /stylesheets/staffMain.css [36m304 [0m0.423 ms - -[0m
[0mGET /datepicker/css/datepicker.css [36m304 [0m0.426 ms - -[0m
[0mGET /datepicker/js/jquery-1.11.3.min.js [36m304 [0m0.490 ms - -[0m
[0mGET /bootstrap-3.3.5-dist/js/bootstrap.min.js [36m304 [0m0.447 ms - -[0m
[0mGET /images/boydefaultpicture.png [36m304 [0m0.251 ms - -[0m
[0mGET /fonts/Anivers_Regular.otf [36m304 [0m0.411 ms - -[0m
cn
[0mGET /recentRecords [32m200 [0m25.161 ms - 3933[0m
[0mGET /stylesheets/style.css [36m304 [0m0.380 ms - -[0m
[0mGET /fonts/SimHei.ttf [32m200 [0m8509.977 ms - 9751076[0m
[0mGET /datepicker/css/datepicker.css [36m304 [0m0.377 ms - -[0m
[0mGET /stylesheets/adminpunch.css [36m304 [0m0.263 ms - -[0m
[0mGET /stylesheets/staffPunchReport.css [36m304 [0m0.353 ms - -[0m
[0mGET /pickadate/lib/themes/default.css [36m304 [0m0.228 ms - -[0m
[0mGET /pickadate/lib/themes/default.time.css [36m304 [0m0.411 ms - -[0m
[0mGET /datepicker/js/jquery-1.11.3.min.js [36m304 [0m0.307 ms - -[0m
[0mGET /bootstrap-3.3.5-dist/js/bootstrap.min.js [36m304 [0m0.446 ms - -[0m
[0mGET /pickadate/lib/picker.js [36m304 [0m0.438 ms - -[0m
[0mGET /pickadate/lib/picker.date.js [36m304 [0m0.505 ms - -[0m
[0mGET /javascripts/pickadateControl.js [36m304 [0m0.447 ms - -[0m
[0mGET /pickadate/lib/picker.time.js [36m304 [0m0.384 ms - -[0m
[0mGET /bootstrap-3.3.5-dist/css/bootstrap.min.css [36m304 [0m0.402 ms - -[0m
[0mGET /pickadate/lib/themes/default.date.css [36m304 [0m0.402 ms - -[0m
[0mGET /fonts/Anivers_Regular.otf [36m304 [0m0.377 ms - -[0m
cn
[0mGET /settings [36m304 [0m36.740 ms - -[0m
[0mGET /datepicker/css/datepicker.css [36m304 [0m1.343 ms - -[0m
[0mGET /stylesheets/style.css [36m304 [0m1.303 ms - -[0m
[0mGET /toggleSwitch/normalize.css [36m304 [0m0.559 ms - -[0m
[0mGET /tagbox/fm.tagator.jquery.css [36m304 [0m0.576 ms - -[0m
[0mGET /stylesheets/staffSetting.css [36m304 [0m0.579 ms - -[0m
[0mGET /fonts/SimHei.ttf [32m200 [0m1059.106 ms - 9751076[0m
[0mGET /stylesheets/toggleSwitchAdjust.css [36m304 [0m0.376 ms - -[0m
[0mGET /datepicker/js/jquery-1.11.3.min.js [36m304 [0m0.485 ms - -[0m
[0mGET /bootstrap-3.3.5-dist/js/bootstrap.min.js [36m304 [0m0.447 ms - -[0m
[0mGET /tagbox/fm.tagator.jquery.js [36m304 [0m0.472 ms - -[0m
[0mGET /toggleSwitch/prefixfree.min.js [36m304 [0m0.441 ms - -[0m
[0mGET /javascripts/toggleSwitchAdjust.js [36m304 [0m0.409 ms - -[0m
[0mGET /javascripts/tagatorAdjust.js [36m304 [0m0.408 ms - -[0m
[0mGET /fonts/Anivers_Regular.otf [36m304 [0m0.414 ms - -[0m
cn
1
[0mPOST /enableEmail/undefined [32m200 [0m39.868 ms - 5832[0m
cn
[0mGET /chlang/en [32m200 [0m0.989 ms - -[0m
en
[0mGET /settings [32m200 [0m51.139 ms - 4805[0m
[0mGET /stylesheets/toggleSwitchAdjust.css [36m304 [0m0.854 ms - -[0m
[0mGET /stylesheets/staffSetting.css [36m304 [0m0.785 ms - -[0m
[0mGET /toggleSwitch/normalize.css [36m304 [0m0.970 ms - -[0m
[0mGET /tagbox/fm.tagator.jquery.css [36m304 [0m0.947 ms - -[0m
[0mGET /stylesheets/style.css [36m304 [0m0.934 ms - -[0m
[0mGET /datepicker/css/datepicker.css [36m304 [0m0.709 ms - -[0m
[0mGET /javascripts/tagatorAdjust.js [36m304 [0m0.634 ms - -[0m
[0mGET /datepicker/js/jquery-1.11.3.min.js [36m304 [0m0.408 ms - -[0m
[0mGET /bootstrap-3.3.5-dist/js/bootstrap.min.js [36m304 [0m0.970 ms - -[0m
[0mGET /javascripts/toggleSwitchAdjust.js [36m304 [0m0.941 ms - -[0m
[0mGET /tagbox/fm.tagator.jquery.js [36m304 [0m0.818 ms - -[0m
[0mGET /toggleSwitch/prefixfree.min.js [36m304 [0m0.845 ms - -[0m
[0mGET /fonts/SimHei.ttf [32m206 [0m0.915 ms - 1[0m
[0mGET /fonts/SimHei.ttf [32m206 [0m4226.761 ms - 9441700[0m
[0mGET /fonts/SimHei.ttf [32m200 [0m6297.604 ms - 9751076[0m
en
[0mGET /settings [36m304 [0m79.304 ms - -[0m
[0mGET /stylesheets/style.css [36m304 [0m0.533 ms - -[0m
[0mGET /datepicker/css/datepicker.css [36m304 [0m0.400 ms - -[0m
[0mGET /toggleSwitch/normalize.css [36m304 [0m0.361 ms - -[0m
[0mGET /stylesheets/staffSetting.css [36m304 [0m0.270 ms - -[0m
[0mGET /tagbox/fm.tagator.jquery.css [36m304 [0m0.257 ms - -[0m
[0mGET /stylesheets/toggleSwitchAdjust.css [36m304 [0m0.365 ms - -[0m
[0mGET /datepicker/js/jquery-1.11.3.min.js [36m304 [0m0.261 ms - -[0m
[0mGET /bootstrap-3.3.5-dist/js/bootstrap.min.js [36m304 [0m0.488 ms - -[0m
[0mGET /toggleSwitch/prefixfree.min.js [36m304 [0m0.426 ms - -[0m
[0mGET /javascripts/toggleSwitchAdjust.js [36m304 [0m0.236 ms - -[0m
[0mGET /javascripts/tagatorAdjust.js [36m304 [0m0.202 ms - -[0m
[0mGET /tagbox/fm.tagator.jquery.js [36m304 [0m0.352 ms - -[0m
en
[0mGET /recentRecords [32m200 [0m30.095 ms - 3888[0m
en
[0mGET /recentRecords [32m200 [0m27.336 ms - 3888[0m
[0mGET /stylesheets/style.css [36m304 [0m0.433 ms - -[0m
[0mGET /stylesheets/adminpunch.css [36m304 [0m0.346 ms - -[0m
[0mGET /datepicker/css/datepicker.css [36m304 [0m0.385 ms - -[0m
[0mGET /stylesheets/staffPunchReport.css [36m304 [0m0.210 ms - -[0m
[0mGET /bootstrap-3.3.5-dist/css/bootstrap.min.css [36m304 [0m0.254 ms - -[0m
[0mGET /pickadate/lib/themes/default.css [36m304 [0m0.269 ms - -[0m
[0mGET /pickadate/lib/themes/default.date.css [36m304 [0m0.399 ms - -[0m
[0mGET /pickadate/lib/themes/default.time.css [36m304 [0m0.399 ms - -[0m
[0mGET /datepicker/js/jquery-1.11.3.min.js [36m304 [0m0.405 ms - -[0m
[0mGET /pickadate/lib/picker.js [36m304 [0m0.376 ms - -[0m
[0mGET /bootstrap-3.3.5-dist/js/bootstrap.min.js [36m304 [0m0.369 ms - -[0m
[0mGET /pickadate/lib/picker.date.js [36m304 [0m0.499 ms - -[0m
[0mGET /javascripts/pickadateControl.js [36m304 [0m0.436 ms - -[0m
[0mGET /pickadate/lib/picker.time.js [36m304 [0m0.401 ms - -[0m
[0mGET /fonts/Anivers_Regular.otf [36m304 [0m0.403 ms - -[0m
[0mGET /fonts/SimHei.ttf [36m304 [0m0.407 ms - -[0m
en
[0mGET / [36m302 [0m3.573 ms - 78[0m
en
[0mGET /staff_main [32m200 [0m16.983 ms - 2572[0m
[0mGET /stylesheets/style.css [36m304 [0m0.399 ms - -[0m
[0mGET /datepicker/css/datepicker.css [36m304 [0m0.558 ms - -[0m
[0mGET /stylesheets/staffMain.css [36m304 [0m0.491 ms - -[0m
[0mGET /datepicker/js/jquery-1.11.3.min.js [36m304 [0m0.229 ms - -[0m
[0mGET /images/boydefaultpicture.png [36m304 [0m0.246 ms - -[0m
[0mGET /bootstrap-3.3.5-dist/js/bootstrap.min.js [36m304 [0m0.214 ms - -[0m
[0mGET /fonts/Anivers_Regular.otf [36m304 [0m0.365 ms - -[0m
en
[0mGET /settings [36m304 [0m38.061 ms - -[0m
[0mGET /stylesheets/style.css [36m304 [0m0.414 ms - -[0m
[0mGET /datepicker/css/datepicker.css [36m304 [0m0.361 ms - -[0m
[0mGET /stylesheets/staffSetting.css [36m304 [0m0.381 ms - -[0m
[0mGET /toggleSwitch/normalize.css [36m304 [0m0.260 ms - -[0m
[0mGET /stylesheets/toggleSwitchAdjust.css [36m304 [0m0.215 ms - -[0m
[0mGET /tagbox/fm.tagator.jquery.css [36m304 [0m0.221 ms - -[0m
[0mGET /datepicker/js/jquery-1.11.3.min.js [36m304 [0m0.402 ms - -[0m
[0mGET /bootstrap-3.3.5-dist/js/bootstrap.min.js [36m304 [0m0.400 ms - -[0m
[0mGET /toggleSwitch/prefixfree.min.js [36m304 [0m0.476 ms - -[0m
[0mGET /tagbox/fm.tagator.jquery.js [36m304 [0m0.445 ms - -[0m
[0mGET /javascripts/toggleSwitchAdjust.js [36m304 [0m0.335 ms - -[0m
[0mGET /javascripts/tagatorAdjust.js [36m304 [0m0.249 ms - -[0m
en
1
[0mPOST /enableEmail/undefined [32m200 [0m38.460 ms - 5844[0m
en
[0mGET /settings [36m304 [0m35.726 ms - -[0m
[0mGET /stylesheets/style.css [36m304 [0m0.416 ms - -[0m
[0mGET /stylesheets/staffSetting.css [36m304 [0m0.398 ms - -[0m
[0mGET /datepicker/css/datepicker.css [36m304 [0m0.264 ms - -[0m
[0mGET /tagbox/fm.tagator.jquery.css [36m304 [0m0.369 ms - -[0m
[0mGET /toggleSwitch/normalize.css [36m304 [0m0.238 ms - -[0m
[0mGET /stylesheets/toggleSwitchAdjust.css [36m304 [0m0.293 ms - -[0m
[0mGET /datepicker/js/jquery-1.11.3.min.js [36m304 [0m0.544 ms - -[0m
[0mGET /bootstrap-3.3.5-dist/js/bootstrap.min.js [36m304 [0m0.683 ms - -[0m
[0mGET /tagbox/fm.tagator.jquery.js [36m304 [0m0.377 ms - -[0m
[0mGET /toggleSwitch/prefixfree.min.js [36m304 [0m0.376 ms - -[0m
[0mGET /javascripts/toggleSwitchAdjust.js [36m304 [0m0.367 ms - -[0m
[0mGET /javascripts/tagatorAdjust.js [36m304 [0m0.371 ms - -[0m
en
[0mGET /settings [36m304 [0m37.259 ms - -[0m
[0mGET /stylesheets/style.css [36m304 [0m0.426 ms - -[0m
[0mGET /datepicker/css/datepicker.css [36m304 [0m1.382 ms - -[0m
[0mGET /stylesheets/staffSetting.css [36m304 [0m0.477 ms - -[0m
[0mGET /toggleSwitch/normalize.css [36m304 [0m0.470 ms - -[0m
[0mGET /tagbox/fm.tagator.jquery.css [36m304 [0m0.471 ms - -[0m
[0mGET /datepicker/js/jquery-1.11.3.min.js [36m304 [0m0.395 ms - -[0m
[0mGET /stylesheets/toggleSwitchAdjust.css [36m304 [0m0.227 ms - -[0m
[0mGET /bootstrap-3.3.5-dist/js/bootstrap.min.js [36m304 [0m0.416 ms - -[0m
[0mGET /toggleSwitch/prefixfree.min.js [36m304 [0m0.289 ms - -[0m
[0mGET /tagbox/fm.tagator.jquery.js [36m304 [0m0.224 ms - -[0m
[0mGET /javascripts/toggleSwitchAdjust.js [36m304 [0m0.243 ms - -[0m
[0mGET /javascripts/tagatorAdjust.js [36m304 [0m0.362 ms - -[0m
en
1
[0mPOST /enableEmail/undefined [32m200 [0m37.446 ms - 5844[0m
en
[0mGET /chlang/cn [32m200 [0m0.876 ms - -[0m
cn
[0mGET /settings [32m200 [0m44.168 ms - 4790[0m
[0mGET /stylesheets/style.css [36m304 [0m0.470 ms - -[0m
[0mGET /datepicker/css/datepicker.css [36m304 [0m0.673 ms - -[0m
[0mGET /stylesheets/staffSetting.css [36m304 [0m0.709 ms - -[0m
[0mGET /toggleSwitch/normalize.css [36m304 [0m0.835 ms - -[0m
[0mGET /stylesheets/toggleSwitchAdjust.css [36m304 [0m0.816 ms - -[0m
[0mGET /tagbox/fm.tagator.jquery.css [36m304 [0m0.816 ms - -[0m
[0mGET /bootstrap-3.3.5-dist/js/bootstrap.min.js [36m304 [0m0.382 ms - -[0m
[0mGET /toggleSwitch/prefixfree.min.js [36m304 [0m0.679 ms - -[0m
[0mGET /datepicker/js/jquery-1.11.3.min.js [36m304 [0m0.311 ms - -[0m
[0mGET /javascripts/toggleSwitchAdjust.js [36m304 [0m0.686 ms - -[0m
[0mGET /tagbox/fm.tagator.jquery.js [36m304 [0m0.452 ms - -[0m
[0mGET /javascripts/tagatorAdjust.js [36m304 [0m0.277 ms - -[0m
cn
[0mGET /staff_main [32m200 [0m22.954 ms - 2585[0m
[0mGET /stylesheets/style.css [36m304 [0m0.513 ms - -[0m
[0mGET /datepicker/css/datepicker.css [36m304 [0m0.432 ms - -[0m
[0mGET /stylesheets/staffMain.css [36m304 [0m0.705 ms - -[0m
[0mGET /datepicker/js/jquery-1.11.3.min.js [36m304 [0m0.949 ms - -[0m
[0mGET /images/boydefaultpicture.png [36m304 [0m0.549 ms - -[0m
[0mGET /bootstrap-3.3.5-dist/js/bootstrap.min.js [36m304 [0m0.365 ms - -[0m
[0mGET /fonts/SimHei.ttf [36m304 [0m0.403 ms - -[0m
cn
[0mGET /staff_main [36m304 [0m22.708 ms - -[0m
[0mGET /stylesheets/style.css [36m304 [0m0.426 ms - -[0m
[0mGET /stylesheets/staffMain.css [36m304 [0m0.565 ms - -[0m
[0mGET /datepicker/css/datepicker.css [36m304 [0m0.758 ms - -[0m
[0mGET /bootstrap-3.3.5-dist/js/bootstrap.min.js [36m304 [0m0.512 ms - -[0m
[0mGET /datepicker/js/jquery-1.11.3.min.js [36m304 [0m0.526 ms - -[0m
[0mGET /images/boydefaultpicture.png [36m304 [0m0.423 ms - -[0m
[0mGET /stylesheets/style.css [36m304 [0m0.376 ms - -[0m
[0mGET /datepicker/css/datepicker.css [36m304 [0m0.407 ms - -[0m
[0mGET /stylesheets/adminpunch.css [36m304 [0m1.646 ms - -[0m
[0mGET /bootstrap-3.3.5-dist/css/bootstrap.min.css [36m304 [0m1.549 ms - -[0m
[0mGET /pickadate/lib/themes/default.date.css [36m304 [0m0.424 ms - -[0m
[0mGET /pickadate/lib/themes/default.time.css [36m304 [0m0.471 ms - -[0m
[0mGET /pickadate/lib/themes/default.css [36m304 [0m0.389 ms - -[0m
[0mGET /stylesheets/supervisorPunchReport.css [36m304 [0m0.418 ms - -[0m
undefined
[0mGET / [32m200 [0m31.212 ms - 2915[0m
[0mGET /stylesheets/style.css [36m304 [0m0.562 ms - -[0m
[0mGET /datepicker/js/jquery-1.11.3.min.js [36m304 [0m0.415 ms - -[0m
[0mGET /tagbox/fm.tagator.jquery.css [36m304 [0m0.359 ms - -[0m
[0mGET /datepicker/css/datepicker.css [36m304 [0m0.381 ms - -[0m
[0mGET /bootstrap-3.3.5-dist/js/bootstrap.min.js [36m304 [0m0.362 ms - -[0m
[0mGET /tagbox/fm.tagator.jquery.js [36m304 [0m0.338 ms - -[0m
[0mGET /images/pink%20personicon.png [36m304 [0m0.572 ms - -[0m
[0mGET /images/pink%20lock.png [36m304 [0m0.551 ms - -[0m
[0mGET /images/pinkcheck.png [36m304 [0m0.543 ms - -[0m
[0mGET /fonts/Anivers_Regular.otf [36m304 [0m0.382 ms - -[0m
[0mGET /images/adminsyslogo.png [36m304 [0m0.227 ms - -[0m
[0mGET /fonts/DINBek.ttf [36m304 [0m0.378 ms - -[0m
undefined
[0mPOST /login [32m200 [0m11.126 ms - 1254[0m
[0mGET /stylesheets/style.css [36m304 [0m0.372 ms - -[0m
[0mGET /bootstrap-3.3.5-dist/js/bootstrap.min.js [36m304 [0m0.640 ms - -[0m
[0mGET /stylesheets/message.css [36m304 [0m0.572 ms - -[0m
[0mGET /datepicker/css/datepicker.css [36m304 [0m0.586 ms - -[0m
[0mGET /datepicker/js/jquery-1.11.3.min.js [36m304 [0m0.205 ms - -[0m
[0mGET /images/pinkcheck.png [36m304 [0m0.405 ms - -[0m
undefined
[0mGET / [36m302 [0m3.994 ms - 110[0m
undefined
[0mGET /supervisor/supervisor_main [32m200 [0m18.315 ms - 3002[0m
[0mGET /stylesheets/style.css [36m304 [0m0.404 ms - -[0m
[0mGET /datepicker/css/datepicker.css [36m304 [0m0.480 ms - -[0m
[0mGET /stylesheets/supervisorMain.css [36m304 [0m0.458 ms - -[0m
[0mGET /datepicker/js/jquery-1.11.3.min.js [36m304 [0m0.372 ms - -[0m
[0mGET /bootstrap-3.3.5-dist/js/bootstrap.min.js [36m304 [0m0.410 ms - -[0m
[0mGET /javascripts/showHideRate.js [32m200 [0m0.739 ms - 952[0m
[0mGET /images/girl%20default%20picture.png [36m304 [0m0.506 ms - -[0m
undefined
[0mGET /supervisor/reportselect [36m304 [0m14.527 ms - -[0m
[0mGET /stylesheets/style.css [36m304 [0m0.402 ms - -[0m
[0mGET /datepicker/css/datepicker.css [36m304 [0m0.418 ms - -[0m
[0mGET /datepicker/js/jquery-1.11.3.min.js [36m304 [0m0.593 ms - -[0m
[0mGET /bootstrap-3.3.5-dist/js/bootstrap.min.js [36m304 [0m0.559 ms - -[0m
[0mGET /stylesheets/reportselect.css [36m304 [0m0.586 ms - -[0m
undefined
9
9
9
9
[0mGET /supervisor/overviewreport/JULY [32m200 [0m46.315 ms - 3895[0m
[0mGET /stylesheets/style.css [36m304 [0m0.398 ms - -[0m
[0mGET /datepicker/css/datepicker.css [36m304 [0m0.464 ms - -[0m
[0mGET /stylesheets/overviewreport.css [36m304 [0m0.427 ms - -[0m
[0mGET /datepicker/js/jquery-1.11.3.min.js [36m304 [0m0.370 ms - -[0m
[0mGET /bootstrap-3.3.5-dist/js/bootstrap.min.js [36m304 [0m0.373 ms - -[0m
[0mGET /fonts/SimHei.ttf [36m304 [0m0.414 ms - -[0m
undefined
9
[0mGET /supervisor/overviewreport/07-12/07-18 [32m200 [0m35.243 ms - 1835[0m
[0mGET /stylesheets/style.css [36m304 [0m0.410 ms - -[0m
[0mGET /datepicker/css/datepicker.css [36m304 [0m0.366 ms - -[0m
[0mGET /stylesheets/overviewreport.css [36m304 [0m0.691 ms - -[0m
[0mGET /datepicker/js/jquery-1.11.3.min.js [36m304 [0m0.378 ms - -[0m
[0mGET /bootstrap-3.3.5-dist/js/bootstrap.min.js [36m304 [0m0.399 ms - -[0m
undefined
9
Deprecation warning: moment construction falls back to js Date. This is discouraged and will be removed in upcoming major release. Please refer to https://github.com/moment/moment/issues/1407 for more info.
Error
    at deprecate (/home/adminsys/public_html/attendancecn/punchsystem/node_modules/moment/moment.js:738:42)
    at /home/adminsys/public_html/attendancecn/punchsystem/node_modules/moment/moment.js:826:50
    at hookCallback (/home/adminsys/public_html/attendancecn/punchsystem/node_modules/moment/moment.js:8:85)
    at Object.<anonymous> (/home/adminsys/public_html/attendancecn/punchsystem/node_modules/moment/moment.js:11:2)
    at Module._compile (module.js:456:26)
    at Object.Module._extensions..js (module.js:474:10)
    at Module.load (module.js:356:32)
    at Function.Module._load (module.js:312:12)
    at Module.require (module.js:364:17)
    at require (module.js:380:17)
[0mGET /supervisor/overviewreport/07-05/07-11 [32m200 [0m33.210 ms - 3898[0m
[0mGET /stylesheets/style.css [36m304 [0m0.403 ms - -[0m
[0mGET /stylesheets/overviewreport.css [36m304 [0m0.465 ms - -[0m
[0mGET /datepicker/css/datepicker.css [36m304 [0m0.441 ms - -[0m
[0mGET /datepicker/js/jquery-1.11.3.min.js [36m304 [0m0.273 ms - -[0m
[0mGET /bootstrap-3.3.5-dist/js/bootstrap.min.js [36m304 [0m0.365 ms - -[0m
undefined
[0mGET / [36m302 [0m3.852 ms - 78[0m
undefined
[0mGET /staff_main [32m200 [0m14.337 ms - 2585[0m
[0mGET /stylesheets/style.css [32m200 [0m0.668 ms - 3309[0m
[0mGET /datepicker/css/datepicker.css [32m200 [0m0.660 ms - 4953[0m
[0mGET /stylesheets/staffMain.css [32m200 [0m0.621 ms - 2625[0m
[0mGET /bootstrap-3.3.5-dist/js/bootstrap.min.js [32m200 [0m0.685 ms - 36816[0m
[0mGET /images/boydefaultpicture.png [32m200 [0m1.087 ms - 26439[0m
[0mGET /datepicker/js/jquery-1.11.3.min.js [32m200 [0m0.970 ms - 95957[0m
[0mGET /fonts/Anivers_Regular.otf [32m200 [0m0.500 ms - 42412[0m
undefined
[0mGET /logout [36m302 [0m1.936 ms - 68[0m
undefined
[0mGET /login [32m200 [0m13.190 ms - 2921[0m
[0mGET /stylesheets/style.css [36m304 [0m0.401 ms - -[0m
[0mGET /datepicker/css/datepicker.css [36m304 [0m0.313 ms - -[0m
[0mGET /bootstrap-3.3.5-dist/js/bootstrap.min.js [36m304 [0m0.449 ms - -[0m
[0mGET /datepicker/js/jquery-1.11.3.min.js [36m304 [0m0.438 ms - -[0m
[0mGET /tagbox/fm.tagator.jquery.css [32m200 [0m0.407 ms - 2095[0m
[0mGET /images/pink%20personicon.png [32m200 [0m0.528 ms - 2236[0m
[0mGET /tagbox/fm.tagator.jquery.js [32m200 [0m0.502 ms - 14946[0m
[0mGET /images/adminsyslogo.png [32m200 [0m1.343 ms - 46360[0m
[0mGET /images/pink%20lock.png [32m200 [0m0.436 ms - 1192[0m
[0mGET /images/pinkcheck.png [32m200 [0m0.456 ms - 1730[0m
[0mGET /fonts/Anivers_Regular.otf [36m304 [0m0.382 ms - -[0m
[0mGET /fonts/DINBek.ttf [32m200 [0m1.068 ms - 44628[0m
[0mGET /fonts/SimHei.ttf [32m200 [0m5947.282 ms - 9751076[0m
[0mGET /fonts/SimHei.ttf [32m200 [0m5958.261 ms - 9751076[0m
undefined
[0mPOST /login [32m200 [0m8.306 ms - 1281[0m
[0mGET /stylesheets/style.css [36m304 [0m0.388 ms - -[0m
[0mGET /bootstrap-3.3.5-dist/js/bootstrap.min.js [36m304 [0m0.385 ms - -[0m
[0mGET /stylesheets/message.css [32m200 [0m0.803 ms - 1053[0m
[0mGET /datepicker/css/datepicker.css [36m304 [0m0.494 ms - -[0m
[0mGET /datepicker/js/jquery-1.11.3.min.js [36m304 [0m0.462 ms - -[0m
[0mGET /images/pinkcheck.png [36m304 [0m0.399 ms - -[0m
undefined
[0mGET /supervisor/supervisor_main [32m200 [0m19.003 ms - 2981[0m
[0mGET /stylesheets/style.css [36m304 [0m1.010 ms - -[0m
[0mGET /datepicker/css/datepicker.css [36m304 [0m0.388 ms - -[0m
[0mGET /stylesheets/supervisorMain.css [32m200 [0m0.763 ms - 2500[0m
[0mGET /datepicker/js/jquery-1.11.3.min.js [36m304 [0m0.264 ms - -[0m
[0mGET /bootstrap-3.3.5-dist/js/bootstrap.min.js [36m304 [0m0.199 ms - -[0m
[0mGET /javascripts/showHideRate.js [32m200 [0m0.472 ms - 952[0m
[0mGET /images/boydefaultpicture.png [36m304 [0m0.354 ms - -[0m
undefined
[0mGET /supervisor/employees_records [32m200 [0m21.000 ms - 6273[0m
[0mGET /stylesheets/style.css [36m304 [0m0.363 ms - -[0m
[0mGET /datepicker/css/datepicker.css [36m304 [0m0.277 ms - -[0m
[0mGET /images/searchicon.png [32m200 [0m1.181 ms - 975[0m
[0mGET /stylesheets/usersearch.css [32m200 [0m1.209 ms - 2397[0m
[0mGET /datepicker/js/jquery-1.11.3.min.js [36m304 [0m0.727 ms - -[0m
[0mGET /bootstrap-3.3.5-dist/js/bootstrap.min.js [36m304 [0m0.229 ms - -[0m
[0mGET /images/X%20transparent.png [32m200 [0m0.655 ms - 568[0m
[0mGET /images/X%20Pink.png [32m200 [0m0.621 ms - 742[0m
undefined
[0mGET /supervisor/rencentRecords/ln3 [32m200 [0m50.350 ms - 10751[0m
[0mGET /stylesheets/style.css [36m304 [0m0.417 ms - -[0m
[0mGET /pickadate/lib/themes/default.css [32m200 [0m0.598 ms - 3880[0m
[0mGET /datepicker/css/datepicker.css [36m304 [0m0.387 ms - -[0m
[0mGET /stylesheets/adminpunch.css [32m200 [0m0.995 ms - 1984[0m
[0mGET /stylesheets/supervisorPunchReport.css [32m200 [0m0.980 ms - 4034[0m
[0mGET /bootstrap-3.3.5-dist/css/bootstrap.min.css [32m200 [0m0.677 ms - 122540[0m
[0mGET /pickadate/lib/themes/default.date.css [32m200 [0m0.527 ms - 6042[0m
[0mGET /pickadate/lib/picker.date.js [32m200 [0m0.785 ms - 48158[0m
[0mGET /pickadate/lib/themes/default.time.css [32m200 [0m0.623 ms - 2785[0m
[0mGET /datepicker/js/jquery-1.11.3.min.js [36m304 [0m0.410 ms - -[0m
[0mGET /bootstrap-3.3.5-dist/js/bootstrap.min.js [36m304 [0m0.370 ms - -[0m
[0mGET /pickadate/lib/picker.time.js [32m200 [0m0.558 ms - 31899[0m
[0mGET /javascripts/pickadateControl.js [32m200 [0m0.589 ms - 284[0m
[0mGET /javascripts/editPunchTime.js [32m200 [0m0.511 ms - 5284[0m
[0mGET /pickadate/lib/picker.js [32m200 [0m0.636 ms - 36941[0m
undefined
authentication: session missing -> undefined
[0mGET / [32m200 [0m13.958 ms - 2915[0m
undefined
authentication: session missing -> undefined
[0mGET / [32m200 [0m17.856 ms - 2915[0m
[0mGET /stylesheets/style.css [36m304 [0m0.548 ms - -[0m
[0mGET /datepicker/css/datepicker.css [36m304 [0m0.359 ms - -[0m
[0mGET /datepicker/js/jquery-1.11.3.min.js [36m304 [0m0.405 ms - -[0m
[0mGET /bootstrap-3.3.5-dist/js/bootstrap.min.js [36m304 [0m0.275 ms - -[0m
[0mGET /tagbox/fm.tagator.jquery.js [36m304 [0m0.397 ms - -[0m
[0mGET /tagbox/fm.tagator.jquery.css [36m304 [0m0.357 ms - -[0m
[0mGET /images/adminsyslogo.png [36m304 [0m0.382 ms - -[0m
[0mGET /images/pink%20personicon.png [36m304 [0m0.377 ms - -[0m
[0mGET /images/pink%20lock.png [36m304 [0m0.330 ms - -[0m
[0mGET /images/pinkcheck.png [36m304 [0m0.412 ms - -[0m
[0mGET /fonts/Anivers_Regular.otf [36m304 [0m0.571 ms - -[0m
[0mGET /fonts/DINBek.ttf [36m304 [0m0.517 ms - -[0m
[0mGET /fonts/SimHei.ttf [32m200 [0m3078.668 ms - 9751076[0m
undefined
authentication: session missing -> undefined
[0mGET / [32m200 [0m23.098 ms - 2911[0m
[0mGET /stylesheets/style.css [32m200 [0m0.706 ms - 3309[0m
[0mGET /datepicker/css/datepicker.css [32m200 [0m0.971 ms - 4953[0m
[0mGET /tagbox/fm.tagator.jquery.js [32m200 [0m0.605 ms - 14946[0m
[0mGET /tagbox/fm.tagator.jquery.css [32m200 [0m0.726 ms - 2095[0m
[0mGET /datepicker/js/jquery-1.11.3.min.js [32m200 [0m1.152 ms - 95957[0m
[0mGET /bootstrap-3.3.5-dist/js/bootstrap.min.js [32m200 [0m0.485 ms - 36816[0m
[0mGET /images/pinkcheck.png [32m200 [0m0.510 ms - 1730[0m
[0mGET /images/adminsyslogo.png [32m200 [0m0.910 ms - 46360[0m
[0mGET /images/pink%20lock.png [32m200 [0m1.047 ms - 1192[0m
[0mGET /images/pink%20personicon.png [32m200 [0m0.949 ms - 2236[0m
[0mGET /fonts/DINBek.ttf [32m200 [0m0.927 ms - 44628[0m
[0mGET /fonts/Anivers_Regular.otf [32m200 [0m0.779 ms - 42412[0m
[0mGET /fonts/SimHei.ttf [32m200 [0m16899.314 ms - 9751076[0m
undefined
[0mPOST /login [32m200 [0m11.812 ms - 1234[0m
[0mGET /stylesheets/style.css [36m304 [0m0.600 ms - -[0m
[0mGET /datepicker/css/datepicker.css [36m304 [0m0.364 ms - -[0m
[0mGET /datepicker/js/jquery-1.11.3.min.js [36m304 [0m0.392 ms - -[0m
[0mGET /stylesheets/message.css [32m200 [0m1.027 ms - 1053[0m
[0mGET /bootstrap-3.3.5-dist/js/bootstrap.min.js [36m304 [0m0.585 ms - -[0m
[0mGET /images/green%20refresh.png [32m200 [0m0.743 ms - 3445[0m
undefined
authentication: session missing -> undefined
[0mGET / [32m200 [0m22.232 ms - 2911[0m
[0mGET /stylesheets/style.css [36m304 [0m0.776 ms - -[0m
[0mGET /datepicker/css/datepicker.css [36m304 [0m0.670 ms - -[0m
[0mGET /datepicker/js/jquery-1.11.3.min.js [36m304 [0m0.256 ms - -[0m
[0mGET /bootstrap-3.3.5-dist/js/bootstrap.min.js [36m304 [0m0.506 ms - -[0m
[0mGET /tagbox/fm.tagator.jquery.css [36m304 [0m0.397 ms - -[0m
[0mGET /tagbox/fm.tagator.jquery.js [36m304 [0m0.365 ms - -[0m
[0mGET /images/adminsyslogo.png [36m304 [0m0.647 ms - -[0m
[0mGET /images/pink%20personicon.png [36m304 [0m0.645 ms - -[0m
[0mGET /images/pink%20lock.png [36m304 [0m0.628 ms - -[0m
[0mGET /images/pinkcheck.png [36m304 [0m0.355 ms - -[0m
undefined
[0mPOST /login [32m200 [0m29.256 ms - 1234[0m
[0mGET /stylesheets/style.css [36m304 [0m0.522 ms - -[0m
[0mGET /datepicker/css/datepicker.css [36m304 [0m0.375 ms - -[0m
[0mGET /stylesheets/message.css [36m304 [0m0.383 ms - -[0m
[0mGET /bootstrap-3.3.5-dist/js/bootstrap.min.js [36m304 [0m0.353 ms - -[0m
[0mGET /datepicker/js/jquery-1.11.3.min.js [36m304 [0m0.331 ms - -[0m
[0mGET /images/green%20refresh.png [36m304 [0m0.327 ms - -[0m
undefined
authentication: session missing -> undefined
[0mGET / [32m200 [0m14.387 ms - 2907[0m
[0mGET /datepicker/css/datepicker.css [36m304 [0m0.385 ms - -[0m
[0mGET /datepicker/js/jquery-1.11.3.min.js [36m304 [0m0.254 ms - -[0m
[0mGET /stylesheets/style.css [36m304 [0m0.247 ms - -[0m
[0mGET /bootstrap-3.3.5-dist/js/bootstrap.min.js [36m304 [0m0.233 ms - -[0m
[0mGET /tagbox/fm.tagator.jquery.js [36m304 [0m0.360 ms - -[0m
[0mGET /tagbox/fm.tagator.jquery.css [36m304 [0m0.342 ms - -[0m
[0mGET /images/pink%20personicon.png [36m304 [0m0.385 ms - -[0m
[0mGET /images/pink%20lock.png [36m304 [0m0.335 ms - -[0m
[0mGET /images/adminsyslogo.png [36m304 [0m0.362 ms - -[0m
[0mGET /images/pinkcheck.png [36m304 [0m0.400 ms - -[0m
undefined
authentication: session missing -> undefined
[0mGET / [32m200 [0m14.165 ms - 2911[0m
[0mGET /stylesheets/style.css [32m200 [0m0.589 ms - 3309[0m
[0mGET /bootstrap-3.3.5-dist/js/bootstrap.min.js [32m200 [0m0.654 ms - 36816[0m
[0mGET /tagbox/fm.tagator.jquery.js [32m200 [0m0.377 ms - 14946[0m
[0mGET /tagbox/fm.tagator.jquery.css [32m200 [0m0.474 ms - 2095[0m
[0mGET /images/pink%20lock.png [32m200 [0m0.284 ms - 1192[0m
[0mGET /datepicker/js/jquery-1.11.3.min.js [32m200 [0m0.530 ms - 95957[0m
[0mGET /datepicker/css/datepicker.css [32m200 [0m0.471 ms - 4953[0m
[0mGET /images/pinkcheck.png [32m200 [0m0.572 ms - 1730[0m
[0mGET /images/adminsyslogo.png [32m200 [0m0.662 ms - 46360[0m
[0mGET /images/pink%20personicon.png [32m200 [0m0.477 ms - 2236[0m
[0mGET /fonts/Anivers_Regular.otf [32m200 [0m1.068 ms - 42412[0m
[0mGET /fonts/DINBek.ttf [32m200 [0m0.780 ms - 44628[0m
[0mGET /fonts/SimHei.ttf [32m200 [0m6186.991 ms - 9751076[0m
undefined
authentication: session missing -> undefined
[0mGET / [32m200 [0m16.526 ms - 2911[0m
[0mGET /datepicker/css/datepicker.css [32m200 [0m0.594 ms - 4953[0m
[0mGET /stylesheets/style.css [32m200 [0m0.421 ms - 3309[0m
[0mGET /tagbox/fm.tagator.jquery.css [32m200 [0m0.546 ms - 2095[0m
[0mGET /tagbox/fm.tagator.jquery.js [32m200 [0m0.728 ms - 14946[0m
[0mGET /bootstrap-3.3.5-dist/js/bootstrap.min.js [32m200 [0m1.054 ms - 36816[0m
[0mGET /datepicker/js/jquery-1.11.3.min.js [32m200 [0m0.471 ms - 95957[0m
[0mGET /images/adminsyslogo.png [32m200 [0m0.384 ms - 46360[0m
[0mGET /images/pink%20personicon.png [32m200 [0m0.739 ms - 2236[0m
[0mGET /images/pink%20lock.png [32m200 [0m0.729 ms - 1192[0m
[0mGET /images/pinkcheck.png [32m200 [0m0.324 ms - 1730[0m
[0mGET /fonts/Anivers_Regular.otf [32m200 [0m0.530 ms - 42412[0m
[0mGET /fonts/DINBek.ttf [32m200 [0m0.619 ms - 44628[0m
[0mGET /fonts/SimHei.ttf [32m200 [0m6255.276 ms - 9751076[0m
undefined
[0mGET / [36m302 [0m4.184 ms - 110[0m
undefined
[0mGET /supervisor/supervisor_main [36m304 [0m18.312 ms - -[0m
undefined
[0mGET / [36m302 [0m3.630 ms - 110[0m
undefined
[0mGET /supervisor/supervisor_main [36m304 [0m15.050 ms - -[0m
[0mGET /stylesheets/style.css [36m304 [0m0.391 ms - -[0m
[0mGET /stylesheets/supervisorMain.css [36m304 [0m0.405 ms - -[0m
[0mGET /bootstrap-3.3.5-dist/js/bootstrap.min.js [36m304 [0m0.274 ms - -[0m
[0mGET /datepicker/css/datepicker.css [36m304 [0m0.338 ms - -[0m
[0mGET /datepicker/js/jquery-1.11.3.min.js [36m304 [0m0.250 ms - -[0m
[0mGET /javascripts/showHideRate.js [36m304 [0m0.321 ms - -[0m
[0mGET /images/girl%20default%20picture.png [36m304 [0m0.404 ms - -[0m
[0mGET /fonts/Anivers_Regular.otf [36m304 [0m0.407 ms - -[0m
undefined
[0mGET /supervisor/reportselect [36m304 [0m13.296 ms - -[0m
[0mGET /stylesheets/style.css [36m304 [0m0.362 ms - -[0m
[0mGET /bootstrap-3.3.5-dist/js/bootstrap.min.js [36m304 [0m0.405 ms - -[0m
[0mGET /datepicker/css/datepicker.css [36m304 [0m0.376 ms - -[0m
[0mGET /stylesheets/reportselect.css [36m304 [0m0.363 ms - -[0m
[0mGET /datepicker/js/jquery-1.11.3.min.js [36m304 [0m0.267 ms - -[0m
undefined
9
9
9
9
[0mGET /supervisor/overviewreport/JULY [36m304 [0m39.772 ms - -[0m
[0mGET /stylesheets/style.css [36m304 [0m0.432 ms - -[0m
[0mGET /datepicker/css/datepicker.css [36m304 [0m0.472 ms - -[0m
[0mGET /stylesheets/overviewreport.css [36m304 [0m0.444 ms - -[0m
[0mGET /datepicker/js/jquery-1.11.3.min.js [36m304 [0m0.377 ms - -[0m
[0mGET /bootstrap-3.3.5-dist/js/bootstrap.min.js [36m304 [0m0.398 ms - -[0m
[0mGET /fonts/SimHei.ttf [36m304 [0m0.348 ms - -[0m
undefined
9
[0mGET /supervisor/overviewreport/07-19/07-25 [32m200 [0m37.521 ms - 1943[0m
[0mGET /stylesheets/style.css [36m304 [0m0.401 ms - -[0m
[0mGET /stylesheets/overviewreport.css [36m304 [0m0.402 ms - -[0m
[0mGET /bootstrap-3.3.5-dist/js/bootstrap.min.js [36m304 [0m0.358 ms - -[0m
[0mGET /datepicker/css/datepicker.css [36m304 [0m0.390 ms - -[0m
[0mGET /datepicker/js/jquery-1.11.3.min.js [36m304 [0m0.390 ms - -[0m
undefined
9
[0mGET /supervisor/overviewreport/07-19/07-25 [36m304 [0m24.865 ms - -[0m
[0mGET /stylesheets/style.css [36m304 [0m0.445 ms - -[0m
[0mGET /datepicker/css/datepicker.css [36m304 [0m0.379 ms - -[0m
[0mGET /datepicker/js/jquery-1.11.3.min.js [36m304 [0m0.444 ms - -[0m
[0mGET /bootstrap-3.3.5-dist/js/bootstrap.min.js [36m304 [0m0.362 ms - -[0m
[0mGET /stylesheets/overviewreport.css [36m304 [0m0.402 ms - -[0m
undefined
authentication: session missing -> undefined
[0mGET / [32m200 [0m14.600 ms - 2911[0m
undefined
authentication: session missing -> undefined
[0mGET / [32m200 [0m13.261 ms - 2915[0m
[0mGET /stylesheets/style.css [36m304 [0m0.370 ms - -[0m
[0mGET /bootstrap-3.3.5-dist/js/bootstrap.min.js [36m304 [0m0.396 ms - -[0m
[0mGET /tagbox/fm.tagator.jquery.js [36m304 [0m0.392 ms - -[0m
[0mGET /images/adminsyslogo.png [36m304 [0m0.259 ms - -[0m
[0mGET /images/pink%20personicon.png [36m304 [0m0.231 ms - -[0m
[0mGET /tagbox/fm.tagator.jquery.css [36m304 [0m0.457 ms - -[0m
[0mGET /datepicker/css/datepicker.css [36m304 [0m0.462 ms - -[0m
[0mGET /images/pink%20lock.png [36m304 [0m0.208 ms - -[0m
[0mGET /images/pinkcheck.png [36m304 [0m0.231 ms - -[0m
[0mGET /datepicker/js/jquery-1.11.3.min.js [36m304 [0m0.387 ms - -[0m
undefined
[0mPOST /login [32m200 [0m8.959 ms - 1250[0m
[0mGET /stylesheets/style.css [36m304 [0m0.395 ms - -[0m
[0mGET /bootstrap-3.3.5-dist/js/bootstrap.min.js [36m304 [0m0.420 ms - -[0m
[0mGET /datepicker/css/datepicker.css [36m304 [0m0.502 ms - -[0m
[0mGET /stylesheets/message.css [32m200 [0m0.581 ms - 1053[0m
[0mGET /datepicker/js/jquery-1.11.3.min.js [36m304 [0m0.392 ms - -[0m
[0mGET /images/pinkcheck.png [36m304 [0m0.344 ms - -[0m
undefined
[0mGET / [36m302 [0m3.927 ms - 110[0m
undefined
[0mGET /supervisor/supervisor_main [32m200 [0m16.497 ms - 2982[0m
[0mGET /datepicker/css/datepicker.css [36m304 [0m0.487 ms - -[0m
[0mGET /stylesheets/supervisorMain.css [32m200 [0m0.646 ms - 2500[0m
[0mGET /stylesheets/style.css [36m304 [0m0.212 ms - -[0m
[0mGET /bootstrap-3.3.5-dist/js/bootstrap.min.js [36m304 [0m0.554 ms - -[0m
[0mGET /datepicker/js/jquery-1.11.3.min.js [36m304 [0m0.380 ms - -[0m
[0mGET /javascripts/showHideRate.js [32m200 [0m0.611 ms - 952[0m
[0mGET /images/boydefaultpicture.png [32m200 [0m1.674 ms - 26439[0m
undefined
51
[{"_id":"55aff4e7cc68aae8543519c5","userid":"user","name":"user","password":"123","sex":"","address_street":"","address_city":"","address_state":"","address_zip":"","curRate":8.75,"rate_change_date":"","tel":"","email":"","remark":"","compid":51,"address":"|||","owner":false},{"_id":"55b1478e91a64eb1224948bd","userid":"tonylee","name":"tony","password":"0000","sex":"","address_street":"","address_city":"","address_state":"","address_zip":"","curRate":"9","rate_change_date":"","tel":"","email":"","remark":"","compid":51,"address":"|||","owner":false},{"_id":"55afb580b46da8f01c8f4f4f","name":"Demo_1","userid":"demo1","password":"0000","avatar":"","createDate":1437578624546,"compid":51,"owner":true,"enableEmail":0,"curRate":8.75,"sex":true,"address_street":"","address_city":"","address_state":"undefined","address_zip":"undefined","tel":"undefined","email":"undefined","remark":"","address":"||undefined|undefined","rates":[{"rate":8,"changetime":""}]}]
[0mGET /supervisor/employees [32m200 [0m20.973 ms - 2094[0m
[0mGET /stylesheets/style.css [36m304 [0m0.448 ms - -[0m
[0mGET /datepicker/css/datepicker.css [36m304 [0m0.981 ms - -[0m
[0mGET /stylesheets/usersearch.css [32m200 [0m1.867 ms - 2397[0m
[0mGET /bootstrap-3.3.5-dist/js/bootstrap.min.js [36m304 [0m0.247 ms - -[0m
[0mGET /images/X%20Pink.png [32m200 [0m0.490 ms - 742[0m
[0mGET /images/searchicon.png [32m200 [0m0.496 ms - 975[0m
[0mGET /datepicker/js/jquery-1.11.3.min.js [36m304 [0m0.251 ms - -[0m
[0mGET /images/X%20transparent.png [32m200 [0m0.329 ms - 568[0m
undefined
/home/adminsys/public_html/attendancecn/punchsystem/views/modifyUser.jade, line 39:
You should not have jade tags with multiple attributes.
/home/adminsys/public_html/attendancecn/punchsystem/views/modifyUser.jade, line 41:
You should not have jade tags with multiple attributes.
/home/adminsys/public_html/attendancecn/punchsystem/views/modifyUser.jade, line 43:
You should not have jade tags with multiple attributes.
[0mGET /supervisor/employees/tonylee [32m200 [0m62.607 ms - 8984[0m
[0mGET /datepicker/css/datepicker.css [36m304 [0m0.627 ms - -[0m
[0mGET /stylesheets/style.css [36m304 [0m0.563 ms - -[0m
[0mGET /stylesheets/userform.css [32m200 [0m0.871 ms - 7711[0m
[0mGET /pickadate/lib/themes/default.css [32m200 [0m0.490 ms - 3880[0m
[0mGET /pickadate/lib/themes/default.date.css [32m200 [0m0.643 ms - 6042[0m
[0mGET /pickadate/lib/themes/default.time.css [32m200 [0m0.591 ms - 2785[0m
[0mGET /datepicker/js/jquery-1.11.3.min.js [36m304 [0m0.363 ms - -[0m
[0mGET /javascripts/pickadateControl.js [32m200 [0m0.367 ms - 284[0m
[0mGET /bootstrap-3.3.5-dist/js/bootstrap.min.js [36m304 [0m0.393 ms - -[0m
[0mGET /pickadate/lib/picker.js [32m200 [0m0.385 ms - 36941[0m
[0mGET /javascripts/jquery-ui.min.js [32m200 [0m41.143 ms - 240022[0m
[0mGET /pickadate/lib/picker.time.js [32m200 [0m0.574 ms - 31899[0m
[0mGET /images/girl%20default%20picture.png [32m200 [0m0.461 ms - 26031[0m
[0mGET /pickadate/lib/picker.date.js [32m200 [0m0.640 ms - 48158[0m
[0mGET /fonts/Anivers_Regular.otf [36m304 [0m0.410 ms - -[0m
[0mGET /fonts/SimHei.ttf [36m304 [0m0.349 ms - -[0m
undefined
/home/adminsys/public_html/attendancecn/punchsystem/views/modifyUser.jade, line 39:
You should not have jade tags with multiple attributes.
/home/adminsys/public_html/attendancecn/punchsystem/views/modifyUser.jade, line 41:
You should not have jade tags with multiple attributes.
/home/adminsys/public_html/attendancecn/punchsystem/views/modifyUser.jade, line 43:
You should not have jade tags with multiple attributes.
[0mGET /supervisor/employees/demo1 [32m200 [0m53.787 ms - 9024[0m
[0mGET /stylesheets/style.css [36m304 [0m0.372 ms - -[0m
[0mGET /stylesheets/userform.css [36m304 [0m0.467 ms - -[0m
[0mGET /datepicker/css/datepicker.css [36m304 [0m0.436 ms - -[0m
[0mGET /pickadate/lib/themes/default.css [36m304 [0m0.278 ms - -[0m
[0mGET /pickadate/lib/themes/default.date.css [36m304 [0m0.340 ms - -[0m
[0mGET /datepicker/js/jquery-1.11.3.min.js [36m304 [0m0.589 ms - -[0m
[0mGET /pickadate/lib/themes/default.time.css [36m304 [0m0.517 ms - -[0m
[0mGET /bootstrap-3.3.5-dist/js/bootstrap.min.js [36m304 [0m0.718 ms - -[0m
[0mGET /javascripts/jquery-ui.min.js [36m304 [0m0.620 ms - -[0m
[0mGET /pickadate/lib/picker.js [36m304 [0m0.616 ms - -[0m
[0mGET /javascripts/pickadateControl.js [36m304 [0m0.612 ms - -[0m
[0mGET /pickadate/lib/picker.date.js [36m304 [0m0.396 ms - -[0m
[0mGET /images/boydefaultpicture.png [36m304 [0m0.359 ms - -[0m
[0mGET /pickadate/lib/picker.time.js [36m304 [0m0.195 ms - -[0m
undefined
[0mGET /supervisor/employees_records [32m200 [0m18.549 ms - 1896[0m
[0mGET /stylesheets/style.css [36m304 [0m0.373 ms - -[0m
[0mGET /bootstrap-3.3.5-dist/js/bootstrap.min.js [36m304 [0m0.375 ms - -[0m
[0mGET /images/searchicon.png [36m304 [0m0.224 ms - -[0m
[0mGET /images/X%20Pink.png [36m304 [0m0.235 ms - -[0m
[0mGET /images/X%20transparent.png [36m304 [0m0.257 ms - -[0m
[0mGET /stylesheets/usersearch.css [36m304 [0m0.340 ms - -[0m
[0mGET /datepicker/css/datepicker.css [36m304 [0m0.349 ms - -[0m
[0mGET /datepicker/js/jquery-1.11.3.min.js [36m304 [0m0.307 ms - -[0m
undefined
[0mGET /supervisor/rencentRecords/user [32m200 [0m63.188 ms - 3619[0m
[0mGET /stylesheets/style.css [36m304 [0m1.041 ms - -[0m
[0mGET /datepicker/css/datepicker.css [36m304 [0m0.619 ms - -[0m
[0mGET /stylesheets/adminpunch.css [32m200 [0m0.656 ms - 1984[0m
[0mGET /bootstrap-3.3.5-dist/css/bootstrap.min.css [32m200 [0m0.819 ms - 122540[0m
[0mGET /pickadate/lib/themes/default.css [36m304 [0m0.284 ms - -[0m
[0mGET /stylesheets/supervisorPunchReport.css [32m200 [0m0.858 ms - 4034[0m
[0mGET /pickadate/lib/themes/default.date.css [36m304 [0m0.503 ms - -[0m
[0mGET /pickadate/lib/themes/default.time.css [36m304 [0m0.512 ms - -[0m
[0mGET /bootstrap-3.3.5-dist/js/bootstrap.min.js [36m304 [0m0.331 ms - -[0m
[0mGET /pickadate/lib/picker.js [36m304 [0m0.759 ms - -[0m
[0mGET /pickadate/lib/picker.date.js [36m304 [0m0.495 ms - -[0m
[0mGET /javascripts/pickadateControl.js [36m304 [0m0.296 ms - -[0m
[0mGET /javascripts/editPunchTime.js [32m200 [0m0.353 ms - 5284[0m
[0mGET /datepicker/js/jquery-1.11.3.min.js [36m304 [0m0.564 ms - -[0m
[0mGET /pickadate/lib/picker.time.js [36m304 [0m0.295 ms - -[0m
undefined
[0mGET /supervisor/rencentRecords/tonylee [32m200 [0m77.382 ms - 4971[0m
[0mGET /datepicker/css/datepicker.css [36m304 [0m0.666 ms - -[0m
[0mGET /stylesheets/style.css [36m304 [0m0.502 ms - -[0m
[0mGET /stylesheets/adminpunch.css [36m304 [0m0.425 ms - -[0m
[0mGET /stylesheets/supervisorPunchReport.css [36m304 [0m0.382 ms - -[0m
[0mGET /bootstrap-3.3.5-dist/css/bootstrap.min.css [36m304 [0m0.219 ms - -[0m
[0mGET /pickadate/lib/themes/default.css [36m304 [0m0.318 ms - -[0m
[0mGET /pickadate/lib/themes/default.date.css [36m304 [0m0.424 ms - -[0m
[0mGET /pickadate/lib/themes/default.time.css [36m304 [0m0.384 ms - -[0m
[0mGET /datepicker/js/jquery-1.11.3.min.js [36m304 [0m0.205 ms - -[0m
[0mGET /pickadate/lib/picker.js [36m304 [0m0.382 ms - -[0m
[0mGET /bootstrap-3.3.5-dist/js/bootstrap.min.js [36m304 [0m0.355 ms - -[0m
[0mGET /javascripts/pickadateControl.js [36m304 [0m0.476 ms - -[0m
[0mGET /javascripts/editPunchTime.js [36m304 [0m0.635 ms - -[0m
[0mGET /pickadate/lib/picker.time.js [36m304 [0m0.650 ms - -[0m
[0mGET /pickadate/lib/picker.date.js [36m304 [0m0.191 ms - -[0m
undefined
[0mGET /supervisor/rencentRecords/tonylee [36m304 [0m39.358 ms - -[0m
[0mGET /datepicker/css/datepicker.css [36m304 [0m0.504 ms - -[0m
[0mGET /stylesheets/style.css [36m304 [0m0.474 ms - -[0m
[0mGET /stylesheets/adminpunch.css [36m304 [0m1.954 ms - -[0m
[0mGET /stylesheets/supervisorPunchReport.css [36m304 [0m0.457 ms - -[0m
[0mGET /bootstrap-3.3.5-dist/css/bootstrap.min.css [36m304 [0m0.457 ms - -[0m
[0mGET /pickadate/lib/themes/default.date.css [36m304 [0m0.340 ms - -[0m
[0mGET /pickadate/lib/themes/default.css [36m304 [0m0.352 ms - -[0m
[0mGET /pickadate/lib/themes/default.time.css [36m304 [0m0.382 ms - -[0m
[0mGET /datepicker/js/jquery-1.11.3.min.js [36m304 [0m0.355 ms - -[0m
[0mGET /bootstrap-3.3.5-dist/js/bootstrap.min.js [36m304 [0m0.382 ms - -[0m
[0mGET /pickadate/lib/picker.js [36m304 [0m0.455 ms - -[0m
[0mGET /pickadate/lib/picker.time.js [36m304 [0m0.426 ms - -[0m
[0mGET /javascripts/editPunchTime.js [36m304 [0m0.464 ms - -[0m
[0mGET /javascripts/pickadateControl.js [36m304 [0m0.453 ms - -[0m
[0mGET /pickadate/lib/picker.date.js [36m304 [0m0.469 ms - -[0m
[0mGET /pickadate/lib/picker.date.js [36m304 [0m0.373 ms - -[0m
[0mGET /fonts/DINBek.ttf [36m304 [0m0.364 ms - -[0m
undefined
[0mGET /supervisor/adminpunch [32m200 [0m23.825 ms - 2722[0m
[0mGET /stylesheets/style.css [36m304 [0m0.411 ms - -[0m
[0mGET /bootstrap-3.3.5-dist/js/bootstrap.min.js [36m304 [0m1.242 ms - -[0m
[0mGET /images/Skinny%20check.png [32m200 [0m0.463 ms - 1013[0m
[0mGET /datepicker/css/datepicker.css [36m304 [0m0.389 ms - -[0m
[0mGET /stylesheets/adminpunch.css [36m304 [0m0.248 ms - -[0m
[0mGET /datepicker/js/jquery-1.11.3.min.js [36m304 [0m0.253 ms - -[0m
undefined
[0mPOST /supervisor/adminpunch [36m302 [0m9.053 ms - 100[0m
undefined
[0mGET /supervisor/adminpunch [32m200 [0m21.368 ms - 2727[0m
[0mGET /stylesheets/style.css [36m304 [0m0.407 ms - -[0m
[0mGET /datepicker/css/datepicker.css [36m304 [0m0.298 ms - -[0m
[0mGET /datepicker/js/jquery-1.11.3.min.js [36m304 [0m0.406 ms - -[0m
[0mGET /stylesheets/adminpunch.css [36m304 [0m0.388 ms - -[0m
[0mGET /images/Skinny%20check.png [36m304 [0m0.401 ms - -[0m
[0mGET /bootstrap-3.3.5-dist/js/bootstrap.min.js [36m304 [0m0.257 ms - -[0m
undefined
[0mPOST /supervisor/adminpunch [36m302 [0m7.029 ms - 100[0m
undefined
[0mGET /supervisor/adminpunch [32m200 [0m23.883 ms - 2722[0m
[0mGET /stylesheets/style.css [36m304 [0m0.459 ms - -[0m
[0mGET /datepicker/css/datepicker.css [36m304 [0m0.474 ms - -[0m
[0mGET /stylesheets/adminpunch.css [36m304 [0m0.450 ms - -[0m
[0mGET /datepicker/js/jquery-1.11.3.min.js [36m304 [0m0.486 ms - -[0m
[0mGET /images/Skinny%20check.png [36m304 [0m0.448 ms - -[0m
[0mGET /bootstrap-3.3.5-dist/js/bootstrap.min.js [36m304 [0m0.219 ms - -[0m
undefined
[0mGET /supervisor/employees_records [36m304 [0m19.416 ms - -[0m
[0mGET /stylesheets/style.css [36m304 [0m0.422 ms - -[0m
[0mGET /bootstrap-3.3.5-dist/js/bootstrap.min.js [36m304 [0m0.393 ms - -[0m
[0mGET /images/searchicon.png [36m304 [0m0.283 ms - -[0m
[0mGET /images/X%20Pink.png [36m304 [0m0.260 ms - -[0m
[0mGET /images/X%20transparent.png [36m304 [0m0.380 ms - -[0m
[0mGET /stylesheets/usersearch.css [36m304 [0m0.362 ms - -[0m
[0mGET /datepicker/css/datepicker.css [36m304 [0m0.399 ms - -[0m
[0mGET /datepicker/js/jquery-1.11.3.min.js [36m304 [0m0.406 ms - -[0m
[0mGET /datepicker/js/jquery-1.11.3.min.js [36m304 [0m0.758 ms - -[0m
[0mGET /stylesheets/style.css [36m304 [0m0.710 ms - -[0m
[0mGET /datepicker/css/datepicker.css [36m304 [0m0.698 ms - -[0m
[0mGET /bootstrap-3.3.5-dist/js/bootstrap.min.js [36m304 [0m0.724 ms - -[0m
[0mGET /images/pinkcheck.png [36m304 [0m0.385 ms - -[0m
undefined
[0mGET / [36m302 [0m3.806 ms - 110[0m
undefined
[0mGET /supervisor/supervisor_main [36m304 [0m17.723 ms - -[0m
[0mGET /stylesheets/style.css [36m304 [0m0.406 ms - -[0m
[0mGET /stylesheets/supervisorMain.css [36m304 [0m0.473 ms - -[0m
[0mGET /datepicker/css/datepicker.css [36m304 [0m0.452 ms - -[0m
[0mGET /datepicker/js/jquery-1.11.3.min.js [36m304 [0m0.360 ms - -[0m
[0mGET /bootstrap-3.3.5-dist/js/bootstrap.min.js [36m304 [0m0.373 ms - -[0m
[0mGET /images/boydefaultpicture.png [36m304 [0m0.461 ms - -[0m
[0mGET /javascripts/showHideRate.js [36m304 [0m0.441 ms - -[0m
undefined
authentication: session missing -> undefined
[0mGET / [32m200 [0m19.112 ms - 2915[0m
[0mGET /datepicker/js/jquery-1.11.3.min.js [36m304 [0m0.481 ms - -[0m
[0mGET /stylesheets/message.css [36m304 [0m0.467 ms - -[0m
[0mGET /datepicker/css/datepicker.css [36m304 [0m0.343 ms - -[0m
[0mGET /stylesheets/style.css [36m304 [0m0.341 ms - -[0m
[0mGET /bootstrap-3.3.5-dist/js/bootstrap.min.js [36m304 [0m0.404 ms - -[0m
[0mGET /bootstrap-3.3.5-dist/js/bootstrap.min.js [32m200 [0m0.649 ms - 36816[0m
[0mGET /datepicker/js/jquery-1.11.3.min.js [32m200 [0m0.498 ms - 95957[0m
[0mGET /tagbox/fm.tagator.jquery.js [32m200 [0m0.310 ms - 14946[0m
[0mGET /datepicker/js/jquery-1.11.3.min.js [32m200 [0m0.737 ms - 95957[0m
undefined
[0mGET / [36m302 [0m4.927 ms - 110[0m
undefined
[0mGET /supervisor/supervisor_main [36m304 [0m16.679 ms - -[0m
[0mGET /stylesheets/style.css [36m304 [0m0.375 ms - -[0m
[0mGET /bootstrap-3.3.5-dist/js/bootstrap.min.js [36m304 [0m0.465 ms - -[0m
[0mGET /javascripts/showHideRate.js [36m304 [0m0.261 ms - -[0m
[0mGET /images/boydefaultpicture.png [36m304 [0m0.207 ms - -[0m
[0mGET /stylesheets/supervisorMain.css [36m304 [0m0.438 ms - -[0m
[0mGET /datepicker/css/datepicker.css [36m304 [0m0.285 ms - -[0m
[0mGET /datepicker/js/jquery-1.11.3.min.js [36m304 [0m0.283 ms - -[0m
undefined
authentication: session missing -> undefined
[0mGET /supervisor/supervisor_main [32m200 [0m13.900 ms - 2937[0m
undefined
51
[{"_id":"55aff4e7cc68aae8543519c5","userid":"user","name":"user","password":"123","sex":"","address_street":"","address_city":"","address_state":"","address_zip":"","curRate":8.75,"rate_change_date":"","tel":"","email":"","remark":"","compid":51,"address":"|||","owner":false},{"_id":"55b1478e91a64eb1224948bd","userid":"tonylee","name":"tony","password":"0000","sex":"","address_street":"","address_city":"","address_state":"","address_zip":"","curRate":"9","rate_change_date":"","tel":"","email":"","remark":"","compid":51,"address":"|||","owner":false},{"_id":"55afb580b46da8f01c8f4f4f","name":"Demo_1","userid":"demo1","password":"0000","avatar":"","createDate":1437578624546,"compid":51,"owner":true,"enableEmail":0,"curRate":8.75,"sex":true,"address_street":"","address_city":"","address_state":"undefined","address_zip":"undefined","tel":"undefined","email":"undefined","remark":"","address":"||undefined|undefined","rates":[{"rate":8,"changetime":""}]}]
[0mGET /supervisor/employees [36m304 [0m21.980 ms - -[0m
[0mGET /stylesheets/style.css [36m304 [0m0.386 ms - -[0m
[0mGET /datepicker/css/datepicker.css [36m304 [0m0.610 ms - -[0m
[0mGET /datepicker/js/jquery-1.11.3.min.js [36m304 [0m0.553 ms - -[0m
[0mGET /stylesheets/usersearch.css [36m304 [0m1.418 ms - -[0m
[0mGET /bootstrap-3.3.5-dist/js/bootstrap.min.js [36m304 [0m0.380 ms - -[0m
[0mGET /images/searchicon.png [36m304 [0m0.347 ms - -[0m
[0mGET /images/X%20transparent.png [36m304 [0m0.347 ms - -[0m
[0mGET /images/X%20Pink.png [36m304 [0m0.206 ms - -[0m
undefined
authentication: session missing -> undefined
[0mGET /supervisor/employees [32m200 [0m13.667 ms - 2935[0m
undefined
[0mGET /supervisor/employees_records [36m304 [0m18.440 ms - -[0m
[0mGET /stylesheets/style.css [36m304 [0m0.397 ms - -[0m
[0mGET /bootstrap-3.3.5-dist/js/bootstrap.min.js [36m304 [0m0.413 ms - -[0m
[0mGET /images/searchicon.png [36m304 [0m0.263 ms - -[0m
[0mGET /images/X%20Pink.png [36m304 [0m0.276 ms - -[0m
[0mGET /images/X%20transparent.png [36m304 [0m0.263 ms - -[0m
[0mGET /stylesheets/usersearch.css [36m304 [0m0.280 ms - -[0m
[0mGET /datepicker/css/datepicker.css [36m304 [0m0.248 ms - -[0m
[0mGET /datepicker/js/jquery-1.11.3.min.js [36m304 [0m0.237 ms - -[0m
undefined
/home/adminsys/public_html/attendancecn/punchsystem/views/users/adduser.jade, line 39:
You should not have jade tags with multiple attributes.
/home/adminsys/public_html/attendancecn/punchsystem/views/users/adduser.jade, line 41:
You should not have jade tags with multiple attributes.
/home/adminsys/public_html/attendancecn/punchsystem/views/users/adduser.jade, line 43:
You should not have jade tags with multiple attributes.
[0mGET /users/add [32m200 [0m57.475 ms - 8646[0m
[0mGET /stylesheets/style.css [36m304 [0m0.407 ms - -[0m
[0mGET /stylesheets/userform.css [36m304 [0m0.512 ms - -[0m
[0mGET /datepicker/css/datepicker.css [36m304 [0m0.458 ms - -[0m
[0mGET /pickadate/lib/themes/default.css [36m304 [0m0.614 ms - -[0m
[0mGET /pickadate/lib/themes/default.date.css [36m304 [0m0.613 ms - -[0m
[0mGET /pickadate/lib/themes/default.time.css [36m304 [0m0.619 ms - -[0m
[0mGET /datepicker/js/jquery-1.11.3.min.js [36m304 [0m0.626 ms - -[0m
[0mGET /bootstrap-3.3.5-dist/js/bootstrap.min.js [36m304 [0m0.473 ms - -[0m
[0mGET /javascripts/pickadateControl.js [36m304 [0m0.435 ms - -[0m
[0mGET /javascripts/jquery-ui.min.js [32m200 [0m1.050 ms - 240022[0m
[0mGET /pickadate/lib/picker.js [36m304 [0m0.333 ms - -[0m
[0mGET /images/boydefaultpicture.png [36m304 [0m0.374 ms - -[0m
[0mGET /pickadate/lib/picker.date.js [36m304 [0m0.273 ms - -[0m
[0mGET /pickadate/lib/picker.time.js [36m304 [0m0.400 ms - -[0m
[0mGET /fonts/Anivers_Regular.otf [36m304 [0m0.360 ms - -[0m
[0mGET /fonts/SimHei.ttf [36m304 [0m0.371 ms - -[0m
undefined
authentication: session missing -> undefined
[0mGET /supervisor/supervisor_main [32m200 [0m13.724 ms - 2937[0m
undefined
authentication: session missing -> undefined
[0mGET /supervisor/employees_records [32m200 [0m23.885 ms - 2939[0m
undefined
authentication: session missing -> undefined
[0mGET /supervisor/employees [32m200 [0m22.480 ms - 2935[0m
[0mGET /datepicker/js/jquery-1.11.3.min.js [32m200 [0m0.943 ms - 95957[0m
[0mGET /bootstrap-3.3.5-dist/js/bootstrap.min.js [32m200 [0m0.806 ms - 36816[0m
undefined
authentication: session missing -> undefined
[0mGET /supervisor/employees [32m200 [0m22.487 ms - 2935[0m
[0mGET /datepicker/js/jquery-1.11.3.min.js [32m200 [0m0.961 ms - 95957[0m
[0mGET /bootstrap-3.3.5-dist/js/bootstrap.min.js [32m200 [0m0.477 ms - 36816[0m
[0mGET /tagbox/fm.tagator.jquery.js [32m200 [0m0.570 ms - 14946[0m
[0mGET /datepicker/js/jquery-1.11.3.min.js [32m200 [0m0.755 ms - 95957[0m
[0mGET /bootstrap-3.3.5-dist/js/bootstrap.min.js [32m200 [0m0.654 ms - 36816[0m
[0mGET /tagbox/fm.tagator.jquery.js [32m200 [0m0.467 ms - 14946[0m
[0mGET /datepicker/js/jquery-1.11.3.min.js [32m200 [0m0.648 ms - 95957[0m
[0mGET /tagbox/fm.tagator.jquery.js [32m200 [0m0.791 ms - 14946[0m
[0mGET /bootstrap-3.3.5-dist/js/bootstrap.min.js [32m200 [0m1.148 ms - 36816[0m
[0mGET /tagbox/fm.tagator.jquery.js [32m200 [0m0.582 ms - 14946[0m
