0 info it worked if it ends with ok
1 verbose cli [ '/usr/local/opt/nvm/versions/node/v0.12.7/bin/node',
1 verbose cli   '/usr/local/opt/nvm/versions/node/v0.12.7/bin/npm',
1 verbose cli   'install' ]
2 info using npm@2.11.3
3 info using node@v0.12.7
4 verbose node symlink /usr/local/opt/nvm/versions/node/v0.12.7/bin/node
5 verbose readDependencies loading dependencies from /Users/romanwang/Documents/punchsystem/package.json
6 verbose install where, deps [ '/Users/romanwang/Documents/punchsystem',
6 verbose install   [ 'atob',
6 verbose install     'body-parser',
6 verbose install     'btoa',
6 verbose install     'cheerio',
6 verbose install     'cookie-parser',
6 verbose install     'debug',
6 verbose install     'emailjs',
6 verbose install     'express',
6 verbose install     'graceful-fs',
6 verbose install     'i18n',
6 verbose install     'iconv-lite',
6 verbose install     'jade',
6 verbose install     'moment',
6 verbose install     'mongodb',
6 verbose install     'monk',
6 verbose install     'morgan',
6 verbose install     'multer',
6 verbose install     'multiparty',
6 verbose install     'nobi',
6 verbose install     'node-uuid',
6 verbose install     'qrcode',
6 verbose install     'request',
6 verbose install     'underscore' ] ]
7 verbose install where, peers [ '/Users/romanwang/Documents/punchsystem', [] ]
8 verbose installManyTop reading for lifecycle /Users/romanwang/Documents/punchsystem/package.json
9 info preinstall demo@0.0.0
10 verbose installManyTop reading scoped package data from /Users/romanwang/Documents/punchsystem/node_modules/atob/package.json
11 verbose installManyTop reading scoped package data from /Users/romanwang/Documents/punchsystem/node_modules/body-parser/package.json
12 verbose installManyTop reading scoped package data from /Users/romanwang/Documents/punchsystem/node_modules/btoa/package.json
13 verbose installManyTop reading scoped package data from /Users/romanwang/Documents/punchsystem/node_modules/cheerio/package.json
14 verbose installManyTop reading scoped package data from /Users/romanwang/Documents/punchsystem/node_modules/cookie-parser/package.json
15 verbose installManyTop reading scoped package data from /Users/romanwang/Documents/punchsystem/node_modules/debug/package.json
16 verbose installManyTop reading scoped package data from /Users/romanwang/Documents/punchsystem/node_modules/easyimage/package.json
17 verbose installManyTop reading scoped package data from /Users/romanwang/Documents/punchsystem/node_modules/emailjs/package.json
18 verbose installManyTop reading scoped package data from /Users/romanwang/Documents/punchsystem/node_modules/express/package.json
19 verbose installManyTop reading scoped package data from /Users/romanwang/Documents/punchsystem/node_modules/gm/package.json
20 verbose installManyTop reading scoped package data from /Users/romanwang/Documents/punchsystem/node_modules/graceful-fs/package.json
21 verbose installManyTop reading scoped package data from /Users/romanwang/Documents/punchsystem/node_modules/i18n/package.json
22 verbose installManyTop reading scoped package data from /Users/romanwang/Documents/punchsystem/node_modules/iconv-lite/package.json
23 verbose installManyTop reading scoped package data from /Users/romanwang/Documents/punchsystem/node_modules/imagemagick/package.json
24 verbose installManyTop reading scoped package data from /Users/romanwang/Documents/punchsystem/node_modules/imagemin/package.json
25 verbose installManyTop reading scoped package data from /Users/romanwang/Documents/punchsystem/node_modules/jade/package.json
26 verbose installManyTop reading scoped package data from /Users/romanwang/Documents/punchsystem/node_modules/moment/package.json
27 verbose installManyTop reading scoped package data from /Users/romanwang/Documents/punchsystem/node_modules/mongodb/package.json
28 verbose installManyTop reading scoped package data from /Users/romanwang/Documents/punchsystem/node_modules/monk/package.json
29 verbose installManyTop reading scoped package data from /Users/romanwang/Documents/punchsystem/node_modules/morgan/package.json
30 verbose installManyTop reading scoped package data from /Users/romanwang/Documents/punchsystem/node_modules/multer/package.json
31 verbose installManyTop reading scoped package data from /Users/romanwang/Documents/punchsystem/node_modules/multiparty/package.json
32 verbose installManyTop reading scoped package data from /Users/romanwang/Documents/punchsystem/node_modules/nobi/package.json
33 verbose installManyTop reading scoped package data from /Users/romanwang/Documents/punchsystem/node_modules/node-uuid/package.json
34 verbose installManyTop reading scoped package data from /Users/romanwang/Documents/punchsystem/node_modules/request/package.json
35 verbose installManyTop reading scoped package data from /Users/romanwang/Documents/punchsystem/node_modules/serve-favicon/package.json
36 verbose installManyTop reading scoped package data from /Users/romanwang/Documents/punchsystem/node_modules/should/package.json
37 verbose installManyTop reading scoped package data from /Users/romanwang/Documents/punchsystem/node_modules/supervisor/package.json
38 verbose installManyTop reading scoped package data from /Users/romanwang/Documents/punchsystem/node_modules/underscore/package.json
39 info package.json easyimage@2.0.3 No license field.
40 info package.json imagemagick@0.1.3 No license field.
41 info package.json monk@1.0.1 No license field.
42 info package.json moment@2.10.3 No license field.
43 info package.json node-uuid@1.4.3 No license field.
44 info package.json nobi@0.0.1 license should be a valid SPDX license expression
45 info package.json btoa@1.1.2 license should be a valid SPDX license expression
46 info package.json atob@1.1.2 license should be a valid SPDX license expression
47 info package.json emailjs@0.3.16 No license field.
48 info package.json i18n@0.5.0 No license field.
49 info package.json supervisor@0.7.1 No license field.
50 verbose readDependencies loading dependencies from /Users/romanwang/Documents/punchsystem/package.json
51 verbose targetResolver reading package data from /Users/romanwang/Documents/punchsystem/node_modules/atob/package.json
52 verbose targetResolver reading package data from /Users/romanwang/Documents/punchsystem/node_modules/body-parser/package.json
53 verbose targetResolver reading package data from /Users/romanwang/Documents/punchsystem/node_modules/btoa/package.json
54 verbose targetResolver reading package data from /Users/romanwang/Documents/punchsystem/node_modules/cheerio/package.json
55 verbose targetResolver reading package data from /Users/romanwang/Documents/punchsystem/node_modules/cookie-parser/package.json
56 verbose targetResolver reading package data from /Users/romanwang/Documents/punchsystem/node_modules/debug/package.json
57 verbose targetResolver reading package data from /Users/romanwang/Documents/punchsystem/node_modules/easyimage/package.json
58 verbose targetResolver reading package data from /Users/romanwang/Documents/punchsystem/node_modules/emailjs/package.json
59 verbose targetResolver reading package data from /Users/romanwang/Documents/punchsystem/node_modules/express/package.json
60 verbose targetResolver reading package data from /Users/romanwang/Documents/punchsystem/node_modules/gm/package.json
61 verbose targetResolver reading package data from /Users/romanwang/Documents/punchsystem/node_modules/graceful-fs/package.json
62 verbose targetResolver reading package data from /Users/romanwang/Documents/punchsystem/node_modules/i18n/package.json
63 verbose targetResolver reading package data from /Users/romanwang/Documents/punchsystem/node_modules/iconv-lite/package.json
64 verbose targetResolver reading package data from /Users/romanwang/Documents/punchsystem/node_modules/imagemagick/package.json
65 verbose targetResolver reading package data from /Users/romanwang/Documents/punchsystem/node_modules/imagemin/package.json
66 verbose targetResolver reading package data from /Users/romanwang/Documents/punchsystem/node_modules/jade/package.json
67 verbose targetResolver reading package data from /Users/romanwang/Documents/punchsystem/node_modules/moment/package.json
68 verbose targetResolver reading package data from /Users/romanwang/Documents/punchsystem/node_modules/mongodb/package.json
69 verbose targetResolver reading package data from /Users/romanwang/Documents/punchsystem/node_modules/monk/package.json
70 verbose targetResolver reading package data from /Users/romanwang/Documents/punchsystem/node_modules/morgan/package.json
71 verbose targetResolver reading package data from /Users/romanwang/Documents/punchsystem/node_modules/multer/package.json
72 verbose targetResolver reading package data from /Users/romanwang/Documents/punchsystem/node_modules/multiparty/package.json
73 verbose targetResolver reading package data from /Users/romanwang/Documents/punchsystem/node_modules/nobi/package.json
74 verbose targetResolver reading package data from /Users/romanwang/Documents/punchsystem/node_modules/node-uuid/package.json
75 verbose targetResolver reading package data from /Users/romanwang/Documents/punchsystem/node_modules/request/package.json
76 verbose targetResolver reading package data from /Users/romanwang/Documents/punchsystem/node_modules/serve-favicon/package.json
77 verbose targetResolver reading package data from /Users/romanwang/Documents/punchsystem/node_modules/should/package.json
78 verbose targetResolver reading package data from /Users/romanwang/Documents/punchsystem/node_modules/supervisor/package.json
79 verbose targetResolver reading package data from /Users/romanwang/Documents/punchsystem/node_modules/underscore/package.json
80 verbose targetResolver reading package data from /Users/romanwang/Documents/punchsystem/node_modules/.bin/atob/package.json
81 verbose targetResolver reading package data from /Users/romanwang/Documents/punchsystem/node_modules/.bin/btoa/package.json
82 verbose targetResolver reading package data from /Users/romanwang/Documents/punchsystem/node_modules/.bin/imagemin/package.json
83 verbose targetResolver reading package data from /Users/romanwang/Documents/punchsystem/node_modules/.bin/jade/package.json
84 verbose targetResolver reading package data from /Users/romanwang/Documents/punchsystem/node_modules/.bin/jade.cmd/package.json
85 verbose targetResolver reading package data from /Users/romanwang/Documents/punchsystem/node_modules/.bin/node-supervisor/package.json
86 verbose targetResolver reading package data from /Users/romanwang/Documents/punchsystem/node_modules/.bin/supervisor/package.json
87 verbose targetResolver reading package data from /Users/romanwang/Documents/punchsystem/node_modules/.bin/uuid/package.json
88 verbose already installed skipping i18n@^0.5.0 /Users/romanwang/Documents/punchsystem
89 verbose already installed skipping iconv-lite@^0.4.11 /Users/romanwang/Documents/punchsystem
90 verbose already installed skipping jade@~1.9.2 /Users/romanwang/Documents/punchsystem
91 verbose already installed skipping moment@^2.10.3 /Users/romanwang/Documents/punchsystem
92 verbose already installed skipping mongodb@~2.0.34 /Users/romanwang/Documents/punchsystem
93 verbose already installed skipping monk@~1.0.1 /Users/romanwang/Documents/punchsystem
94 verbose already installed skipping morgan@~1.5.3 /Users/romanwang/Documents/punchsystem
95 verbose already installed skipping multer@~0.1.8 /Users/romanwang/Documents/punchsystem
96 verbose already installed skipping multiparty@^4.1.2 /Users/romanwang/Documents/punchsystem
97 verbose already installed skipping nobi@0.0.1 /Users/romanwang/Documents/punchsystem
98 verbose already installed skipping node-uuid@~1.4.3 /Users/romanwang/Documents/punchsystem
99 silly cache add args [ 'qrcode@*', null ]
100 verbose cache add spec qrcode@*
101 silly cache add parsed spec { raw: 'qrcode@*',
101 silly cache add   scope: null,
101 silly cache add   name: 'qrcode',
101 silly cache add   rawSpec: '*',
101 silly cache add   spec: '*',
101 silly cache add   type: 'range' }
102 silly addNamed qrcode@*
103 verbose addNamed "*" is a valid semver range for qrcode
104 silly addNameRange { name: 'qrcode', range: '*', hasData: false }
105 silly mapToRegistry name qrcode
106 silly mapToRegistry using default registry
107 silly mapToRegistry registry https://registry.npmjs.org/
108 silly mapToRegistry uri https://registry.npmjs.org/qrcode
109 verbose addNameRange registry:https://registry.npmjs.org/qrcode not in flight; fetching
110 verbose already installed skipping request@~2.58.0 /Users/romanwang/Documents/punchsystem
111 verbose already installed skipping underscore@~1.8.3 /Users/romanwang/Documents/punchsystem
112 verbose already installed skipping atob@^1.1.2 /Users/romanwang/Documents/punchsystem
113 verbose already installed skipping body-parser@~1.12.4 /Users/romanwang/Documents/punchsystem
114 verbose already installed skipping btoa@^1.1.2 /Users/romanwang/Documents/punchsystem
115 verbose already installed skipping cheerio@^0.19.0 /Users/romanwang/Documents/punchsystem
116 verbose already installed skipping cookie-parser@~1.3.5 /Users/romanwang/Documents/punchsystem
117 verbose request uri https://registry.npmjs.org/qrcode
118 verbose request no auth needed
119 info attempt registry request try #1 at 10:29:07 AM
120 verbose request id 162e1cb1a187fb81
121 verbose etag "DIEQD93JUVQFUA5MCQ0QQ49ZQ"
122 http request GET https://registry.npmjs.org/qrcode
123 verbose already installed skipping debug@~2.2.0 /Users/romanwang/Documents/punchsystem
124 verbose already installed skipping emailjs@~0.3.16 /Users/romanwang/Documents/punchsystem
125 verbose already installed skipping express@~4.12.4 /Users/romanwang/Documents/punchsystem
126 verbose already installed skipping graceful-fs@~4.1.2 /Users/romanwang/Documents/punchsystem
127 http 304 https://registry.npmjs.org/qrcode
128 silly get cb [ 304,
128 silly get   { date: 'Thu, 16 Jul 2015 14:29:07 GMT',
128 silly get     via: '1.1 varnish',
128 silly get     'cache-control': 'max-age=60',
128 silly get     etag: '"DIEQD93JUVQFUA5MCQ0QQ49ZQ"',
128 silly get     age: '0',
128 silly get     connection: 'keep-alive',
128 silly get     'x-served-by': 'cache-atl6230-ATL',
128 silly get     'x-cache': 'MISS',
128 silly get     'x-cache-hits': '0',
128 silly get     'x-timer': 'S1437056947.382502,VS0,VE51',
128 silly get     vary: 'Accept' } ]
129 verbose etag https://registry.npmjs.org/qrcode from cache
130 verbose get saving qrcode to /Users/romanwang/.npm/registry.npmjs.org/qrcode/.cache.json
131 silly addNameRange number 2 { name: 'qrcode', range: '*', hasData: true }
132 silly addNameRange versions [ 'qrcode',
132 silly addNameRange   [ '0.0.1',
132 silly addNameRange     '0.0.2',
132 silly addNameRange     '0.0.3',
132 silly addNameRange     '0.1.0',
132 silly addNameRange     '0.1.1',
132 silly addNameRange     '0.2.2',
132 silly addNameRange     '0.2.3',
132 silly addNameRange     '0.2.4',
132 silly addNameRange     '0.2.5',
132 silly addNameRange     '0.2.6',
132 silly addNameRange     '0.2.7',
132 silly addNameRange     '0.2.8',
132 silly addNameRange     '0.2.9',
132 silly addNameRange     '0.2.10',
132 silly addNameRange     '0.2.11',
132 silly addNameRange     '0.2.12' ] ]
133 silly addNamed qrcode@0.2.12
134 verbose addNamed "0.2.12" is a plain semver version for qrcode
135 silly cache afterAdd qrcode@0.2.12
136 verbose afterAdd /Users/romanwang/.npm/qrcode/0.2.12/package/package.json not in flight; writing
137 verbose afterAdd /Users/romanwang/.npm/qrcode/0.2.12/package/package.json written
138 silly install resolved [ { name: 'qrcode',
138 silly install resolved     description: 'QRCode / 2d Barcode api with both server side and client side support using canvas',
138 silly install resolved     version: '0.2.12',
138 silly install resolved     author: { name: 'Ryan Day', email: 'soldair@gmail.com' },
138 silly install resolved     keywords: [ 'canvas', 'qrcode', 'barcode' ],
138 silly install resolved     main: './qrcode.js',
138 silly install resolved     homepage: 'http://github.com/soldair/node-qrcode',
138 silly install resolved     scripts:
138 silly install resolved      { pretest: 'node build.js',
138 silly install resolved        prepublish: 'node build.js',
138 silly install resolved        test: 'tap test/url.js' },
138 silly install resolved     bin: { qrcode: './bin/qrcode' },
138 silly install resolved     dependencies: { canvas: '~1.1.6', colors: '*', bops: '0.0.6' },
138 silly install resolved     devDependencies:
138 silly install resolved      { express: '2.5.x',
138 silly install resolved        browserify: '~2.29.0',
138 silly install resolved        'uglify-js': '1.2.x',
138 silly install resolved        canvasutil: '*',
138 silly install resolved        tap: '*' },
138 silly install resolved     repository: { type: 'git', url: 'git://github.com/soldair/node-qrcode.git' },
138 silly install resolved     engines: { node: '>= 0.6.0' },
138 silly install resolved     gitHead: 'e9dbcd102297deb82f174c2a458758a4dd53a166',
138 silly install resolved     bugs: { url: 'https://github.com/soldair/node-qrcode/issues' },
138 silly install resolved     _id: 'qrcode@0.2.12',
138 silly install resolved     _shasum: 'fbe89ce3ca608c90546c7ac63dce04d136c96a6e',
138 silly install resolved     _from: 'qrcode@*',
138 silly install resolved     _npmVersion: '1.4.20',
138 silly install resolved     _npmUser: { name: 'soldair', email: 'soldair@gmail.com' },
138 silly install resolved     maintainers: [ [Object] ],
138 silly install resolved     dist:
138 silly install resolved      { shasum: 'fbe89ce3ca608c90546c7ac63dce04d136c96a6e',
138 silly install resolved        tarball: 'http://registry.npmjs.org/qrcode/-/qrcode-0.2.12.tgz' },
138 silly install resolved     directories: {},
138 silly install resolved     _resolved: 'https://registry.npmjs.org/qrcode/-/qrcode-0.2.12.tgz',
138 silly install resolved     readme: 'ERROR: No README data found!' } ]
139 info install qrcode@0.2.12 into /Users/romanwang/Documents/punchsystem
140 info installOne qrcode@0.2.12
141 verbose installOne of qrcode to /Users/romanwang/Documents/punchsystem not in flight; installing
142 verbose lock using /Users/romanwang/.npm/_locks/qrcode-209f888cd374f08e.lock for /Users/romanwang/Documents/punchsystem/node_modules/qrcode
143 silly install write writing qrcode 0.2.12 to /Users/romanwang/Documents/punchsystem/node_modules/qrcode
144 verbose unbuild node_modules/qrcode
145 silly gentlyRm /Users/romanwang/Documents/punchsystem/node_modules/qrcode is being purged from base /Users/romanwang/Documents/punchsystem
146 verbose gentlyRm don't care about contents; nuking /Users/romanwang/Documents/punchsystem/node_modules/qrcode
147 verbose tar unpack /Users/romanwang/.npm/qrcode/0.2.12/package.tgz
148 verbose tar unpacking to /Users/romanwang/Documents/punchsystem/node_modules/qrcode
149 silly gentlyRm /Users/romanwang/Documents/punchsystem/node_modules/qrcode is being purged
150 verbose gentlyRm don't care about contents; nuking /Users/romanwang/Documents/punchsystem/node_modules/qrcode
151 silly gunzTarPerm modes [ '755', '644' ]
152 silly gunzTarPerm extractEntry package.json
153 silly gunzTarPerm modified mode [ 'package.json', 436, 420 ]
154 silly gunzTarPerm extractEntry .npmignore
155 silly gunzTarPerm modified mode [ '.npmignore', 436, 420 ]
156 silly gunzTarPerm extractEntry README.md
157 silly gunzTarPerm modified mode [ 'README.md', 436, 420 ]
158 silly gunzTarPerm extractEntry a.js
159 silly gunzTarPerm modified mode [ 'a.js', 436, 420 ]
160 silly gunzTarPerm extractEntry b.js
161 silly gunzTarPerm modified mode [ 'b.js', 436, 420 ]
162 silly gunzTarPerm extractEntry build.js
163 silly gunzTarPerm modified mode [ 'build.js', 436, 420 ]
164 silly gunzTarPerm extractEntry qrcode.js
165 silly gunzTarPerm modified mode [ 'qrcode.js', 436, 420 ]
166 silly gunzTarPerm extractEntry qrcodeclient.js
167 silly gunzTarPerm modified mode [ 'qrcodeclient.js', 436, 420 ]
168 silly gunzTarPerm extractEntry .travis.yml
169 silly gunzTarPerm modified mode [ '.travis.yml', 436, 420 ]
170 silly gunzTarPerm extractEntry file.txt
171 silly gunzTarPerm modified mode [ 'file.txt', 436, 420 ]
172 silly gunzTarPerm extractEntry .jshintignore
173 silly gunzTarPerm modified mode [ '.jshintignore', 436, 420 ]
174 silly gunzTarPerm extractEntry lib/qrcapacitytable.js
175 silly gunzTarPerm modified mode [ 'lib/qrcapacitytable.js', 436, 420 ]
176 silly gunzTarPerm extractEntry lib/qrcode-draw.js
177 silly gunzTarPerm modified mode [ 'lib/qrcode-draw.js', 436, 420 ]
178 silly gunzTarPerm extractEntry lib/qrcode.js
179 silly gunzTarPerm modified mode [ 'lib/qrcode.js', 436, 420 ]
180 silly gunzTarPerm extractEntry lib/termialrender.js
181 silly gunzTarPerm modified mode [ 'lib/termialrender.js', 436, 420 ]
182 silly gunzTarPerm extractEntry test.png
183 silly gunzTarPerm modified mode [ 'test.png', 436, 420 ]
184 silly gunzTarPerm extractEntry vendors/excanvas/README
185 silly gunzTarPerm modified mode [ 'vendors/excanvas/README', 436, 420 ]
186 silly gunzTarPerm extractEntry vendors/excanvas/excanvas.compiled.js
187 silly gunzTarPerm modified mode [ 'vendors/excanvas/excanvas.compiled.js', 436, 420 ]
188 silly gunzTarPerm extractEntry vendors/excanvas/excanvas.js
189 silly gunzTarPerm modified mode [ 'vendors/excanvas/excanvas.js', 436, 420 ]
190 silly gunzTarPerm extractEntry bin/qrcode
191 silly gunzTarPerm extractEntry build/qrcode.js
192 silly gunzTarPerm modified mode [ 'build/qrcode.js', 436, 420 ]
193 silly gunzTarPerm extractEntry build/qrcode.min.js
194 silly gunzTarPerm modified mode [ 'build/qrcode.min.js', 436, 420 ]
195 silly gunzTarPerm extractEntry build/.g
196 silly gunzTarPerm modified mode [ 'build/.g', 436, 420 ]
197 silly gunzTarPerm extractEntry test/cli.js
198 silly gunzTarPerm modified mode [ 'test/cli.js', 436, 420 ]
199 silly gunzTarPerm extractEntry test/clientsideserver.js
200 silly gunzTarPerm modified mode [ 'test/clientsideserver.js', 436, 420 ]
201 silly gunzTarPerm extractEntry test/save.js
202 silly gunzTarPerm modified mode [ 'test/save.js', 436, 420 ]
203 silly gunzTarPerm extractEntry test/server.js
204 silly gunzTarPerm modified mode [ 'test/server.js', 436, 420 ]
205 silly gunzTarPerm extractEntry test/url.js
206 silly gunzTarPerm modified mode [ 'test/url.js', 436, 420 ]
207 silly gunzTarPerm extractEntry test/clientside.html
208 silly gunzTarPerm modified mode [ 'test/clientside.html', 436, 420 ]
209 silly gunzTarPerm extractEntry test/fixtures/bacon-bikini.png
210 silly gunzTarPerm modified mode [ 'test/fixtures/bacon-bikini.png', 436, 420 ]
211 silly gunzTarPerm extractEntry test/fixtures/bacon-love.png
212 silly gunzTarPerm modified mode [ 'test/fixtures/bacon-love.png', 436, 420 ]
213 silly gunzTarPerm extractEntry test.html
214 silly gunzTarPerm modified mode [ 'test.html', 436, 420 ]
215 silly gunzTarPerm extractEntry hi.png
216 silly gunzTarPerm modified mode [ 'hi.png', 436, 420 ]
217 verbose write writing to /Users/romanwang/Documents/punchsystem/node_modules/qrcode/package.json
218 info preinstall qrcode@0.2.12
219 verbose readDependencies loading dependencies from /Users/romanwang/Documents/punchsystem/node_modules/qrcode/package.json
220 silly prepareForInstallMany adding canvas@~1.1.6 from qrcode dependencies
221 silly prepareForInstallMany adding colors@* from qrcode dependencies
222 silly prepareForInstallMany adding bops@0.0.6 from qrcode dependencies
223 verbose readDependencies loading dependencies from /Users/romanwang/Documents/punchsystem/node_modules/qrcode/package.json
224 silly cache add args [ 'canvas@~1.1.6', null ]
225 verbose cache add spec canvas@~1.1.6
226 silly cache add args [ 'colors@*', null ]
227 verbose cache add spec colors@*
228 silly cache add parsed spec { raw: 'canvas@~1.1.6',
228 silly cache add   scope: null,
228 silly cache add   name: 'canvas',
228 silly cache add   rawSpec: '~1.1.6',
228 silly cache add   spec: '>=1.1.6 <1.2.0',
228 silly cache add   type: 'range' }
229 silly addNamed canvas@>=1.1.6 <1.2.0
230 verbose addNamed ">=1.1.6 <1.2.0" is a valid semver range for canvas
231 silly addNameRange { name: 'canvas', range: '>=1.1.6 <1.2.0', hasData: false }
232 silly mapToRegistry name canvas
233 silly mapToRegistry using default registry
234 silly mapToRegistry registry https://registry.npmjs.org/
235 silly mapToRegistry uri https://registry.npmjs.org/canvas
236 verbose addNameRange registry:https://registry.npmjs.org/canvas not in flight; fetching
237 silly cache add parsed spec { raw: 'colors@*',
237 silly cache add   scope: null,
237 silly cache add   name: 'colors',
237 silly cache add   rawSpec: '*',
237 silly cache add   spec: '*',
237 silly cache add   type: 'range' }
238 silly addNamed colors@*
239 verbose addNamed "*" is a valid semver range for colors
240 silly addNameRange { name: 'colors', range: '*', hasData: false }
241 silly mapToRegistry name colors
242 silly mapToRegistry using default registry
243 silly mapToRegistry registry https://registry.npmjs.org/
244 silly mapToRegistry uri https://registry.npmjs.org/colors
245 verbose addNameRange registry:https://registry.npmjs.org/colors not in flight; fetching
246 silly cache add args [ 'bops@0.0.6', null ]
247 verbose cache add spec bops@0.0.6
248 silly cache add parsed spec { raw: 'bops@0.0.6',
248 silly cache add   scope: null,
248 silly cache add   name: 'bops',
248 silly cache add   rawSpec: '0.0.6',
248 silly cache add   spec: '0.0.6',
248 silly cache add   type: 'version' }
249 silly addNamed bops@0.0.6
250 verbose addNamed "0.0.6" is a plain semver version for bops
251 silly mapToRegistry name bops
252 silly mapToRegistry using default registry
253 silly mapToRegistry registry https://registry.npmjs.org/
254 silly mapToRegistry uri https://registry.npmjs.org/bops
255 verbose addNameVersion registry:https://registry.npmjs.org/bops not in flight; fetching
256 verbose request uri https://registry.npmjs.org/colors
257 verbose request no auth needed
258 info attempt registry request try #1 at 10:29:07 AM
259 verbose etag "BREBO1AQUIC2A2U7PCUQHL5A6"
260 http request GET https://registry.npmjs.org/colors
261 verbose request uri https://registry.npmjs.org/bops
262 verbose request no auth needed
263 info attempt registry request try #1 at 10:29:07 AM
264 verbose etag "CC6MB6CS1YHVHPC00XWMHSYYS"
265 http request GET https://registry.npmjs.org/bops
266 verbose request uri https://registry.npmjs.org/canvas
267 verbose request no auth needed
268 info attempt registry request try #1 at 10:29:07 AM
269 verbose etag "1E0VM74J09VH1CQCM3TU57NM4"
270 http request GET https://registry.npmjs.org/canvas
271 http 304 https://registry.npmjs.org/bops
272 silly get cb [ 304,
272 silly get   { date: 'Thu, 16 Jul 2015 14:29:07 GMT',
272 silly get     via: '1.1 varnish',
272 silly get     'cache-control': 'max-age=60',
272 silly get     etag: '"CC6MB6CS1YHVHPC00XWMHSYYS"',
272 silly get     age: '0',
272 silly get     connection: 'keep-alive',
272 silly get     'x-served-by': 'cache-atl6232-ATL',
272 silly get     'x-cache': 'HIT',
272 silly get     'x-cache-hits': '1',
272 silly get     'x-timer': 'S1437056947.844686,VS0,VE28',
272 silly get     vary: 'Accept' } ]
273 verbose etag https://registry.npmjs.org/bops from cache
274 verbose get saving bops to /Users/romanwang/.npm/registry.npmjs.org/bops/.cache.json
275 http 200 https://registry.npmjs.org/colors
276 silly get cb [ 200,
276 silly get   { server: 'CouchDB/1.5.0 (Erlang OTP/R16B03)',
276 silly get     etag: '"68V8QONSLG1OMQD7F40SG66UN"',
276 silly get     'content-type': 'application/json',
276 silly get     'cache-control': 'max-age=60',
276 silly get     'content-length': '19582',
276 silly get     'accept-ranges': 'bytes',
276 silly get     date: 'Thu, 16 Jul 2015 14:29:07 GMT',
276 silly get     via: '1.1 varnish',
276 silly get     age: '52',
276 silly get     connection: 'keep-alive',
276 silly get     'x-served-by': 'cache-atl6222-ATL',
276 silly get     'x-cache': 'HIT',
276 silly get     'x-cache-hits': '9',
276 silly get     'x-timer': 'S1437056947.844596,VS0,VE0',
276 silly get     vary: 'Accept' } ]
277 verbose get saving colors to /Users/romanwang/.npm/registry.npmjs.org/colors/.cache.json
278 http 304 https://registry.npmjs.org/canvas
279 silly get cb [ 304,
279 silly get   { date: 'Thu, 16 Jul 2015 14:29:07 GMT',
279 silly get     via: '1.1 varnish',
279 silly get     'cache-control': 'max-age=60',
279 silly get     etag: '"1E0VM74J09VH1CQCM3TU57NM4"',
279 silly get     age: '0',
279 silly get     connection: 'keep-alive',
279 silly get     'x-served-by': 'cache-atl6227-ATL',
279 silly get     'x-cache': 'HIT',
279 silly get     'x-cache-hits': '1',
279 silly get     'x-timer': 'S1437056947.864699,VS0,VE26',
279 silly get     vary: 'Accept' } ]
280 verbose etag https://registry.npmjs.org/canvas from cache
281 verbose get saving canvas to /Users/romanwang/.npm/registry.npmjs.org/canvas/.cache.json
282 silly addNameRange number 2 { name: 'colors', range: '*', hasData: true }
283 silly addNameRange versions [ 'colors',
283 silly addNameRange   [ '0.3.0',
283 silly addNameRange     '0.5.0',
283 silly addNameRange     '0.5.1',
283 silly addNameRange     '0.6.0',
283 silly addNameRange     '0.6.0-1',
283 silly addNameRange     '0.6.1',
283 silly addNameRange     '0.6.2',
283 silly addNameRange     '1.0.0',
283 silly addNameRange     '1.0.1',
283 silly addNameRange     '1.0.2',
283 silly addNameRange     '1.0.3',
283 silly addNameRange     '1.1.0',
283 silly addNameRange     '1.1.1',
283 silly addNameRange     '1.1.2' ] ]
284 silly addNamed colors@1.1.2
285 verbose addNamed "1.1.2" is a plain semver version for colors
286 silly cache afterAdd bops@0.0.6
287 verbose afterAdd /Users/romanwang/.npm/bops/0.0.6/package/package.json not in flight; writing
288 silly addNameRange number 2 { name: 'canvas', range: '>=1.1.6 <1.2.0', hasData: true }
289 silly addNameRange versions [ 'canvas',
289 silly addNameRange   [ '0.0.1',
289 silly addNameRange     '0.0.2',
289 silly addNameRange     '0.0.3',
289 silly addNameRange     '0.0.4',
289 silly addNameRange     '0.0.5',
289 silly addNameRange     '0.0.6',
289 silly addNameRange     '0.0.7',
289 silly addNameRange     '0.0.8',
289 silly addNameRange     '0.1.0',
289 silly addNameRange     '0.2.0',
289 silly addNameRange     '0.2.1',
289 silly addNameRange     '0.3.0',
289 silly addNameRange     '0.3.1',
289 silly addNameRange     '0.3.2',
289 silly addNameRange     '0.3.3',
289 silly addNameRange     '0.4.0',
289 silly addNameRange     '0.4.1',
289 silly addNameRange     '0.4.2',
289 silly addNameRange     '0.4.3',
289 silly addNameRange     '0.5.0',
289 silly addNameRange     '0.5.1',
289 silly addNameRange     '0.5.2',
289 silly addNameRange     '0.5.3',
289 silly addNameRange     '0.5.4',
289 silly addNameRange     '0.6.0',
289 silly addNameRange     '0.7.0',
289 silly addNameRange     '0.7.1',
289 silly addNameRange     '0.7.2',
289 silly addNameRange     '0.7.3',
289 silly addNameRange     '0.8.0',
289 silly addNameRange     '0.8.1',
289 silly addNameRange     '0.8.2',
289 silly addNameRange     '0.8.3',
289 silly addNameRange     '0.9.0',
289 silly addNameRange     '0.10.0',
289 silly addNameRange     '0.10.1',
289 silly addNameRange     '0.10.2',
289 silly addNameRange     '0.10.3',
289 silly addNameRange     '0.11.0',
289 silly addNameRange     '0.11.1',
289 silly addNameRange     '0.11.2',
289 silly addNameRange     '0.11.3',
289 silly addNameRange     '0.12.0',
289 silly addNameRange     '0.12.1',
289 silly addNameRange     '0.13.0',
289 silly addNameRange     '0.13.1',
289 silly addNameRange     '1.0.0',
289 silly addNameRange     '1.0.1',
289 silly addNameRange     '1.0.2',
289 silly addNameRange     '1.0.3',
289 silly addNameRange     '1.0.4',
289 silly addNameRange     '1.1.0',
289 silly addNameRange     '1.1.1',
289 silly addNameRange     '1.1.2',
289 silly addNameRange     '1.1.3',
289 silly addNameRange     '1.1.4',
289 silly addNameRange     '1.1.5',
289 silly addNameRange     '1.1.6',
289 silly addNameRange     '1.2.0',
289 silly addNameRange     '1.2.1',
289 silly addNameRange     '1.2.2',
289 silly addNameRange     '1.2.3' ] ]
290 silly addNamed canvas@1.1.6
291 verbose addNamed "1.1.6" is a plain semver version for canvas
292 silly cache afterAdd colors@1.1.2
293 verbose afterAdd /Users/romanwang/.npm/colors/1.1.2/package/package.json not in flight; writing
294 verbose afterAdd /Users/romanwang/.npm/bops/0.0.6/package/package.json written
295 verbose afterAdd /Users/romanwang/.npm/colors/1.1.2/package/package.json written
296 silly cache afterAdd canvas@1.1.6
297 verbose afterAdd /Users/romanwang/.npm/canvas/1.1.6/package/package.json not in flight; writing
298 verbose afterAdd /Users/romanwang/.npm/canvas/1.1.6/package/package.json written
299 silly install resolved [ { name: 'bops',
299 silly install resolved     version: '0.0.6',
299 silly install resolved     description: 'buffer operations',
299 silly install resolved     main: 'index.js',
299 silly install resolved     scripts: { test: 'node test/index.js' },
299 silly install resolved     browser:
299 silly install resolved      { './copy.js': './typedarray/copy.js',
299 silly install resolved        './create.js': './typedarray/create.js',
299 silly install resolved        './from.js': './typedarray/from.js',
299 silly install resolved        './join.js': './typedarray/join.js',
299 silly install resolved        './mapped.js': './typedarray/mapped.js',
299 silly install resolved        './read.js': './typedarray/read.js',
299 silly install resolved        './subarray.js': './typedarray/subarray.js',
299 silly install resolved        './to.js': './typedarray/to.js',
299 silly install resolved        './is.js': './typedarray/is.js',
299 silly install resolved        './write.js': './typedarray/write.js' },
299 silly install resolved     repository: { type: 'git', url: 'git://github.com/chrisdickinson/bops.git' },
299 silly install resolved     keywords: [ 'buffer', 'operations', 'binary' ],
299 silly install resolved     author: { name: 'Chris Dickinson', email: 'chris@neversaw.us' },
299 silly install resolved     license: 'MIT',
299 silly install resolved     gitHead: '11f41e69b1ab4507027ac162981913b268445b4a',
299 silly install resolved     devDependencies: { tape: '~1.0.1' },
299 silly install resolved     dependencies: { 'base64-js': '0.0.2', 'to-utf8': '0.0.1' },
299 silly install resolved     testling: { files: 'test/index.js', browsers: [Object] },
299 silly install resolved     _id: 'bops@0.0.6',
299 silly install resolved     dist:
299 silly install resolved      { shasum: '082d1d55fa01e60dbdc2ebc2dba37f659554cf3a',
299 silly install resolved        tarball: 'http://registry.npmjs.org/bops/-/bops-0.0.6.tgz' },
299 silly install resolved     _from: 'bops@0.0.6',
299 silly install resolved     _npmVersion: '1.2.14',
299 silly install resolved     _npmUser: { name: 'chrisdickinson', email: 'chris@neversaw.us' },
299 silly install resolved     maintainers: [ [Object] ],
299 silly install resolved     directories: {},
299 silly install resolved     _shasum: '082d1d55fa01e60dbdc2ebc2dba37f659554cf3a',
299 silly install resolved     _resolved: 'https://registry.npmjs.org/bops/-/bops-0.0.6.tgz',
299 silly install resolved     bugs: { url: 'https://github.com/chrisdickinson/bops/issues' },
299 silly install resolved     readme: 'ERROR: No README data found!',
299 silly install resolved     homepage: 'https://github.com/chrisdickinson/bops' },
299 silly install resolved   { name: 'colors',
299 silly install resolved     description: 'get colors in your node.js console',
299 silly install resolved     version: '1.1.2',
299 silly install resolved     author: { name: 'Marak Squires' },
299 silly install resolved     homepage: 'https://github.com/Marak/colors.js',
299 silly install resolved     bugs: { url: 'https://github.com/Marak/colors.js/issues' },
299 silly install resolved     keywords: [ 'ansi', 'terminal', 'colors' ],
299 silly install resolved     repository:
299 silly install resolved      { type: 'git',
299 silly install resolved        url: 'git+ssh://git@github.com/Marak/colors.js.git' },
299 silly install resolved     license: 'MIT',
299 silly install resolved     scripts: { test: 'node tests/basic-test.js && node tests/safe-test.js' },
299 silly install resolved     engines: { node: '>=0.1.90' },
299 silly install resolved     main: 'lib',
299 silly install resolved     files: [ 'examples', 'lib', 'LICENSE', 'safe.js', 'themes' ],
299 silly install resolved     gitHead: '8bf2ad9fa695dcb30b7e9fd83691b139fd6655c4',
299 silly install resolved     _id: 'colors@1.1.2',
299 silly install resolved     _shasum: '168a4701756b6a7f51a12ce0c97bfa28c084ed63',
299 silly install resolved     _from: 'colors@*',
299 silly install resolved     _npmVersion: '2.1.8',
299 silly install resolved     _nodeVersion: '0.11.13',
299 silly install resolved     _npmUser: { name: 'marak', email: 'marak.squires@gmail.com' },
299 silly install resolved     maintainers: [ [Object] ],
299 silly install resolved     dist:
299 silly install resolved      { shasum: '168a4701756b6a7f51a12ce0c97bfa28c084ed63',
299 silly install resolved        tarball: 'http://registry.npmjs.org/colors/-/colors-1.1.2.tgz' },
299 silly install resolved     directories: {},
299 silly install resolved     _resolved: 'https://registry.npmjs.org/colors/-/colors-1.1.2.tgz',
299 silly install resolved     readme: 'ERROR: No README data found!' },
299 silly install resolved   { name: 'canvas',
299 silly install resolved     description: 'Canvas graphics API backed by Cairo',
299 silly install resolved     version: '1.1.6',
299 silly install resolved     author: { name: 'TJ Holowaychuk', email: 'tj@learnboost.com' },
299 silly install resolved     contributors: [ [Object], [Object], [Object] ],
299 silly install resolved     keywords:
299 silly install resolved      [ 'canvas',
299 silly install resolved        'graphic',
299 silly install resolved        'graphics',
299 silly install resolved        'pixman',
299 silly install resolved        'cairo',
299 silly install resolved        'image',
299 silly install resolved        'images',
299 silly install resolved        'pdf' ],
299 silly install resolved     homepage: 'https://github.com/learnboost/node-canvas',
299 silly install resolved     repository:
299 silly install resolved      { type: 'git',
299 silly install resolved        url: 'git://github.com/learnboost/node-canvas.git' },
299 silly install resolved     scripts: { test: 'make test', install: 'node-gyp rebuild' },
299 silly install resolved     dependencies: { nan: '~1.2.0' },
299 silly install resolved     devDependencies: { express: '3.0', jade: '0.28.1', mocha: '*', should: '*' },
299 silly install resolved     engines: { node: '>= 0.6.0' },
299 silly install resolved     main: './lib/canvas.js',
299 silly install resolved     gypfile: true,
299 silly install resolved     gitHead: '138abe9aa30b75e8406ceddd9177bff20ac44ceb',
299 silly install resolved     bugs: { url: 'https://github.com/learnboost/node-canvas/issues' },
299 silly install resolved     _id: 'canvas@1.1.6',
299 silly install resolved     _shasum: 'd84b088f3bcd3840fe14977cd3625f5fe89f81ee',
299 silly install resolved     _from: 'canvas@>=1.1.6 <1.2.0',
299 silly install resolved     _npmVersion: '1.4.21',
299 silly install resolved     _npmUser: { name: 'tootallnate', email: 'nathan@tootallnate.net' },
299 silly install resolved     maintainers: [ [Object], [Object], [Object], [Object] ],
299 silly install resolved     dist:
299 silly install resolved      { shasum: 'd84b088f3bcd3840fe14977cd3625f5fe89f81ee',
299 silly install resolved        tarball: 'http://registry.npmjs.org/canvas/-/canvas-1.1.6.tgz' },
299 silly install resolved     directories: {},
299 silly install resolved     _resolved: 'https://registry.npmjs.org/canvas/-/canvas-1.1.6.tgz',
299 silly install resolved     readme: 'ERROR: No README data found!' } ]
300 info install bops@0.0.6 into /Users/romanwang/Documents/punchsystem/node_modules/qrcode
301 info install colors@1.1.2 into /Users/romanwang/Documents/punchsystem/node_modules/qrcode
302 info install canvas@1.1.6 into /Users/romanwang/Documents/punchsystem/node_modules/qrcode
303 info installOne bops@0.0.6
304 verbose installOne of bops to /Users/romanwang/Documents/punchsystem/node_modules/qrcode not in flight; installing
305 info installOne colors@1.1.2
306 verbose installOne of colors to /Users/romanwang/Documents/punchsystem/node_modules/qrcode not in flight; installing
307 info installOne canvas@1.1.6
308 verbose installOne of canvas to /Users/romanwang/Documents/punchsystem/node_modules/qrcode not in flight; installing
309 verbose lock using /Users/romanwang/.npm/_locks/bops-a6213c6305d0a886.lock for /Users/romanwang/Documents/punchsystem/node_modules/qrcode/node_modules/bops
310 verbose lock using /Users/romanwang/.npm/_locks/colors-1daa7a92df0e38cc.lock for /Users/romanwang/Documents/punchsystem/node_modules/qrcode/node_modules/colors
311 silly install write writing bops 0.0.6 to /Users/romanwang/Documents/punchsystem/node_modules/qrcode/node_modules/bops
312 verbose lock using /Users/romanwang/.npm/_locks/canvas-579f37a4bca5b74d.lock for /Users/romanwang/Documents/punchsystem/node_modules/qrcode/node_modules/canvas
313 silly install write writing colors 1.1.2 to /Users/romanwang/Documents/punchsystem/node_modules/qrcode/node_modules/colors
314 silly install write writing canvas 1.1.6 to /Users/romanwang/Documents/punchsystem/node_modules/qrcode/node_modules/canvas
315 verbose unbuild node_modules/qrcode/node_modules/bops
316 verbose unbuild node_modules/qrcode/node_modules/colors
317 verbose unbuild node_modules/qrcode/node_modules/canvas
318 silly gentlyRm /Users/romanwang/Documents/punchsystem/node_modules/qrcode/node_modules/bops is being purged from base /Users/romanwang/Documents/punchsystem
319 verbose gentlyRm don't care about contents; nuking /Users/romanwang/Documents/punchsystem/node_modules/qrcode/node_modules/bops
320 silly gentlyRm /Users/romanwang/Documents/punchsystem/node_modules/qrcode/node_modules/colors is being purged from base /Users/romanwang/Documents/punchsystem
321 verbose gentlyRm don't care about contents; nuking /Users/romanwang/Documents/punchsystem/node_modules/qrcode/node_modules/colors
322 verbose tar unpack /Users/romanwang/.npm/bops/0.0.6/package.tgz
323 verbose tar unpacking to /Users/romanwang/Documents/punchsystem/node_modules/qrcode/node_modules/bops
324 silly gentlyRm /Users/romanwang/Documents/punchsystem/node_modules/qrcode/node_modules/bops is being purged
325 verbose gentlyRm don't care about contents; nuking /Users/romanwang/Documents/punchsystem/node_modules/qrcode/node_modules/bops
326 silly gentlyRm /Users/romanwang/Documents/punchsystem/node_modules/qrcode/node_modules/canvas is being purged from base /Users/romanwang/Documents/punchsystem
327 verbose gentlyRm don't care about contents; nuking /Users/romanwang/Documents/punchsystem/node_modules/qrcode/node_modules/canvas
328 verbose tar unpack /Users/romanwang/.npm/colors/1.1.2/package.tgz
329 verbose tar unpacking to /Users/romanwang/Documents/punchsystem/node_modules/qrcode/node_modules/colors
330 silly gentlyRm /Users/romanwang/Documents/punchsystem/node_modules/qrcode/node_modules/colors is being purged
331 verbose gentlyRm don't care about contents; nuking /Users/romanwang/Documents/punchsystem/node_modules/qrcode/node_modules/colors
332 silly gunzTarPerm modes [ '755', '644' ]
333 verbose tar unpack /Users/romanwang/.npm/canvas/1.1.6/package.tgz
334 verbose tar unpacking to /Users/romanwang/Documents/punchsystem/node_modules/qrcode/node_modules/canvas
335 silly gentlyRm /Users/romanwang/Documents/punchsystem/node_modules/qrcode/node_modules/canvas is being purged
336 verbose gentlyRm don't care about contents; nuking /Users/romanwang/Documents/punchsystem/node_modules/qrcode/node_modules/canvas
337 silly gunzTarPerm modes [ '755', '644' ]
338 silly gunzTarPerm modes [ '755', '644' ]
339 silly gunzTarPerm extractEntry package.json
340 silly gunzTarPerm extractEntry package.json
341 silly gunzTarPerm extractEntry package.json
342 silly gunzTarPerm extractEntry README.md
343 silly gunzTarPerm extractEntry copy.js
344 silly gunzTarPerm extractEntry LICENSE
345 silly gunzTarPerm extractEntry safe.js
346 silly gunzTarPerm extractEntry .npmignore
347 silly gunzTarPerm extractEntry index.js
348 silly gunzTarPerm extractEntry ReadMe.md
349 silly gunzTarPerm extractEntry examples/normal-usage.js
350 silly gunzTarPerm extractEntry from.js
351 silly gunzTarPerm extractEntry index.js
352 silly gunzTarPerm extractEntry History.md
353 silly gunzTarPerm extractEntry Makefile
354 silly gunzTarPerm extractEntry Readme.md
355 silly gunzTarPerm extractEntry examples/safe-string.js
356 silly gunzTarPerm extractEntry lib/colors.js
357 silly gunzTarPerm extractEntry is.js
358 silly gunzTarPerm extractEntry join.js
359 silly gunzTarPerm extractEntry binding.gyp
360 silly gunzTarPerm extractEntry .gitmodules
361 silly gunzTarPerm extractEntry lib/extendStringPrototype.js
362 silly gunzTarPerm extractEntry create.js
363 silly gunzTarPerm extractEntry subarray.js
364 silly gunzTarPerm extractEntry to.js
365 silly gunzTarPerm extractEntry write.js
366 silly gunzTarPerm extractEntry lib/index.js
367 silly gunzTarPerm extractEntry lib/styles.js
368 silly gunzTarPerm extractEntry read.js
369 silly gunzTarPerm extractEntry test/copy.js
370 silly gunzTarPerm extractEntry test/create.js
371 silly gunzTarPerm extractEntry install
372 silly gunzTarPerm extractEntry lib/bindings.js
373 silly gunzTarPerm extractEntry lib/custom/trap.js
374 silly gunzTarPerm extractEntry lib/custom/zalgo.js
375 silly gunzTarPerm extractEntry lib/canvas.js
376 silly gunzTarPerm extractEntry lib/context2d.js
377 silly gunzTarPerm extractEntry test/from.js
378 silly gunzTarPerm extractEntry test/index.js
379 silly gunzTarPerm extractEntry lib/maps/america.js
380 silly gunzTarPerm extractEntry lib/maps/rainbow.js
381 silly gunzTarPerm extractEntry test/is.js
382 silly gunzTarPerm extractEntry test/join.js
383 silly gunzTarPerm extractEntry test/read.js
384 silly gunzTarPerm extractEntry test/subarray.js
385 silly gunzTarPerm extractEntry lib/maps/random.js
386 silly gunzTarPerm extractEntry lib/maps/zebra.js
387 silly gunzTarPerm extractEntry test/to.js
388 silly gunzTarPerm extractEntry test/write.js
389 silly gunzTarPerm extractEntry lib/image.js
390 silly gunzTarPerm extractEntry lib/jpegstream.js
391 silly gunzTarPerm extractEntry typedarray/copy.js
392 silly gunzTarPerm extractEntry typedarray/create.js
393 silly gunzTarPerm extractEntry lib/system/supports-colors.js
394 silly gunzTarPerm extractEntry themes/generic-logging.js
395 silly gunzTarPerm extractEntry lib/pixelarray.js
396 silly gunzTarPerm extractEntry lib/pngstream.js
397 silly gunzTarPerm extractEntry typedarray/from.js
398 silly gunzTarPerm extractEntry typedarray/is.js
399 silly gunzTarPerm extractEntry src/Image.h
400 silly gunzTarPerm extractEntry src/Canvas.cc
401 silly gunzTarPerm extractEntry typedarray/join.js
402 silly gunzTarPerm extractEntry typedarray/mapped.js
403 silly gunzTarPerm extractEntry src/CanvasGradient.cc
404 silly gunzTarPerm extractEntry src/CanvasGradient.h
405 silly gunzTarPerm extractEntry typedarray/read.js
406 silly gunzTarPerm extractEntry typedarray/subarray.js
407 silly gunzTarPerm extractEntry src/CanvasPattern.cc
408 silly gunzTarPerm extractEntry src/CanvasPattern.h
409 silly gunzTarPerm extractEntry typedarray/to.js
410 silly gunzTarPerm extractEntry typedarray/write.js
411 silly gunzTarPerm extractEntry src/CanvasRenderingContext2d.cc
412 silly gunzTarPerm extractEntry src/CanvasRenderingContext2d.h
413 silly gunzTarPerm extractEntry src/FontFace.cc
414 silly gunzTarPerm extractEntry src/FontFace.h
415 silly gunzTarPerm extractEntry src/Image.cc
416 silly gunzTarPerm extractEntry src/Canvas.h
417 silly gunzTarPerm extractEntry src/ImageData.cc
418 silly gunzTarPerm extractEntry src/ImageData.h
419 silly gunzTarPerm extractEntry src/JPEGStream.h
420 silly gunzTarPerm extractEntry src/PNG.h
421 verbose write writing to /Users/romanwang/Documents/punchsystem/node_modules/qrcode/node_modules/colors/package.json
422 silly gunzTarPerm extractEntry src/PixelArray.cc
423 silly gunzTarPerm extractEntry src/PixelArray.h
424 info preinstall colors@1.1.2
425 verbose readDependencies loading dependencies from /Users/romanwang/Documents/punchsystem/node_modules/qrcode/node_modules/colors/package.json
426 verbose readDependencies loading dependencies from /Users/romanwang/Documents/punchsystem/node_modules/qrcode/node_modules/colors/package.json
427 silly gunzTarPerm extractEntry src/Point.h
428 silly gunzTarPerm extractEntry src/closure.h
429 silly install resolved []
430 verbose about to build /Users/romanwang/Documents/punchsystem/node_modules/qrcode/node_modules/colors
431 info build /Users/romanwang/Documents/punchsystem/node_modules/qrcode/node_modules/colors
432 info linkStuff colors@1.1.2
433 silly linkStuff colors@1.1.2 has /Users/romanwang/Documents/punchsystem/node_modules/qrcode/node_modules as its parent node_modules
434 verbose linkBins colors@1.1.2
435 verbose linkMans colors@1.1.2
436 verbose rebuildBundles colors@1.1.2
437 info install colors@1.1.2
438 info postinstall colors@1.1.2
439 verbose unlock done using /Users/romanwang/.npm/_locks/colors-1daa7a92df0e38cc.lock for /Users/romanwang/Documents/punchsystem/node_modules/qrcode/node_modules/colors
440 silly gunzTarPerm extractEntry src/color.cc
441 silly gunzTarPerm extractEntry src/color.h
442 silly gunzTarPerm extractEntry src/init.cc
443 silly gunzTarPerm extractEntry .travis.yml
444 silly gunzTarPerm extractEntry util/cairo_include.sh
445 silly gunzTarPerm extractEntry util/has_cairo_freetype.sh
446 silly gunzTarPerm extractEntry util/has_lib.sh
447 silly gunzTarPerm extractEntry util/lib_lookup.sh
448 verbose write writing to /Users/romanwang/Documents/punchsystem/node_modules/qrcode/node_modules/bops/package.json
449 info preinstall bops@0.0.6
450 verbose readDependencies loading dependencies from /Users/romanwang/Documents/punchsystem/node_modules/qrcode/node_modules/bops/package.json
451 silly prepareForInstallMany adding base64-js@0.0.2 from bops dependencies
452 silly prepareForInstallMany adding to-utf8@0.0.1 from bops dependencies
453 verbose readDependencies loading dependencies from /Users/romanwang/Documents/punchsystem/node_modules/qrcode/node_modules/bops/package.json
454 silly cache add args [ 'base64-js@0.0.2', null ]
455 verbose cache add spec base64-js@0.0.2
456 silly cache add args [ 'to-utf8@0.0.1', null ]
457 verbose cache add spec to-utf8@0.0.1
458 silly cache add parsed spec { raw: 'base64-js@0.0.2',
458 silly cache add   scope: null,
458 silly cache add   name: 'base64-js',
458 silly cache add   rawSpec: '0.0.2',
458 silly cache add   spec: '0.0.2',
458 silly cache add   type: 'version' }
459 silly addNamed base64-js@0.0.2
460 verbose addNamed "0.0.2" is a plain semver version for base64-js
461 silly mapToRegistry name base64-js
462 silly mapToRegistry using default registry
463 silly mapToRegistry registry https://registry.npmjs.org/
464 silly mapToRegistry uri https://registry.npmjs.org/base64-js
465 verbose addNameVersion registry:https://registry.npmjs.org/base64-js not in flight; fetching
466 silly cache add parsed spec { raw: 'to-utf8@0.0.1',
466 silly cache add   scope: null,
466 silly cache add   name: 'to-utf8',
466 silly cache add   rawSpec: '0.0.1',
466 silly cache add   spec: '0.0.1',
466 silly cache add   type: 'version' }
467 silly addNamed to-utf8@0.0.1
468 verbose addNamed "0.0.1" is a plain semver version for to-utf8
469 silly mapToRegistry name to-utf8
470 silly mapToRegistry using default registry
471 silly mapToRegistry registry https://registry.npmjs.org/
472 silly mapToRegistry uri https://registry.npmjs.org/to-utf8
473 verbose addNameVersion registry:https://registry.npmjs.org/to-utf8 not in flight; fetching
474 verbose request uri https://registry.npmjs.org/base64-js
475 verbose request no auth needed
476 info attempt registry request try #1 at 10:29:08 AM
477 verbose etag "JGQZCY27M4205HIW08DHNGRY"
478 http request GET https://registry.npmjs.org/base64-js
479 verbose request uri https://registry.npmjs.org/to-utf8
480 verbose request no auth needed
481 info attempt registry request try #1 at 10:29:08 AM
482 verbose etag "37E3BUX6G8KNXLTKZURFJ9HAE"
483 http request GET https://registry.npmjs.org/to-utf8
484 verbose write writing to /Users/romanwang/Documents/punchsystem/node_modules/qrcode/node_modules/canvas/package.json
485 info preinstall canvas@1.1.6
486 verbose readDependencies loading dependencies from /Users/romanwang/Documents/punchsystem/node_modules/qrcode/node_modules/canvas/package.json
487 silly prepareForInstallMany adding nan@~1.2.0 from canvas dependencies
488 verbose readDependencies loading dependencies from /Users/romanwang/Documents/punchsystem/node_modules/qrcode/node_modules/canvas/package.json
489 silly cache add args [ 'nan@~1.2.0', null ]
490 verbose cache add spec nan@~1.2.0
491 silly cache add parsed spec { raw: 'nan@~1.2.0',
491 silly cache add   scope: null,
491 silly cache add   name: 'nan',
491 silly cache add   rawSpec: '~1.2.0',
491 silly cache add   spec: '>=1.2.0 <1.3.0',
491 silly cache add   type: 'range' }
492 silly addNamed nan@>=1.2.0 <1.3.0
493 verbose addNamed ">=1.2.0 <1.3.0" is a valid semver range for nan
494 silly addNameRange { name: 'nan', range: '>=1.2.0 <1.3.0', hasData: false }
495 silly mapToRegistry name nan
496 silly mapToRegistry using default registry
497 silly mapToRegistry registry https://registry.npmjs.org/
498 silly mapToRegistry uri https://registry.npmjs.org/nan
499 verbose addNameRange registry:https://registry.npmjs.org/nan not in flight; fetching
500 verbose request uri https://registry.npmjs.org/nan
501 verbose request no auth needed
502 info attempt registry request try #1 at 10:29:08 AM
503 verbose etag "9T2TEINHQE1CYR42PWQNCEY3X"
504 http request GET https://registry.npmjs.org/nan
505 http 304 https://registry.npmjs.org/base64-js
506 silly get cb [ 304,
506 silly get   { date: 'Thu, 16 Jul 2015 14:29:08 GMT',
506 silly get     via: '1.1 varnish',
506 silly get     'cache-control': 'max-age=60',
506 silly get     etag: '"JGQZCY27M4205HIW08DHNGRY"',
506 silly get     age: '21',
506 silly get     connection: 'keep-alive',
506 silly get     'x-served-by': 'cache-atl6232-ATL',
506 silly get     'x-cache': 'HIT',
506 silly get     'x-cache-hits': '1',
506 silly get     'x-timer': 'S1437056948.270335,VS0,VE1',
506 silly get     vary: 'Accept' } ]
507 verbose etag https://registry.npmjs.org/base64-js from cache
508 verbose get saving base64-js to /Users/romanwang/.npm/registry.npmjs.org/base64-js/.cache.json
509 silly cache afterAdd base64-js@0.0.2
510 verbose afterAdd /Users/romanwang/.npm/base64-js/0.0.2/package/package.json not in flight; writing
511 verbose afterAdd /Users/romanwang/.npm/base64-js/0.0.2/package/package.json written
512 http 304 https://registry.npmjs.org/nan
513 silly get cb [ 304,
513 silly get   { date: 'Thu, 16 Jul 2015 14:29:08 GMT',
513 silly get     via: '1.1 varnish',
513 silly get     'cache-control': 'max-age=60',
513 silly get     etag: '"9T2TEINHQE1CYR42PWQNCEY3X"',
513 silly get     age: '32',
513 silly get     connection: 'keep-alive',
513 silly get     'x-served-by': 'cache-atl6222-ATL',
513 silly get     'x-cache': 'HIT',
513 silly get     'x-cache-hits': '4',
513 silly get     'x-timer': 'S1437056948.329550,VS0,VE0',
513 silly get     vary: 'Accept' } ]
514 verbose etag https://registry.npmjs.org/nan from cache
515 verbose get saving nan to /Users/romanwang/.npm/registry.npmjs.org/nan/.cache.json
516 silly addNameRange number 2 { name: 'nan', range: '>=1.2.0 <1.3.0', hasData: true }
517 silly addNameRange versions [ 'nan',
517 silly addNameRange   [ '0.3.0-wip',
517 silly addNameRange     '0.3.0-wip2',
517 silly addNameRange     '0.3.0',
517 silly addNameRange     '0.3.1',
517 silly addNameRange     '0.3.2',
517 silly addNameRange     '0.4.0',
517 silly addNameRange     '0.4.1',
517 silly addNameRange     '0.4.2',
517 silly addNameRange     '0.4.3',
517 silly addNameRange     '0.4.4',
517 silly addNameRange     '0.5.0',
517 silly addNameRange     '0.5.1',
517 silly addNameRange     '0.5.2',
517 silly addNameRange     '0.6.0',
517 silly addNameRange     '0.7.0',
517 silly addNameRange     '0.7.1',
517 silly addNameRange     '0.8.0',
517 silly addNameRange     '1.0.0',
517 silly addNameRange     '1.1.0',
517 silly addNameRange     '1.1.1',
517 silly addNameRange     '1.1.2',
517 silly addNameRange     '1.2.0',
517 silly addNameRange     '1.3.0',
517 silly addNameRange     '1.4.0',
517 silly addNameRange     '1.4.1',
517 silly addNameRange     '1.5.0',
517 silly addNameRange     '1.4.2',
517 silly addNameRange     '1.4.3',
517 silly addNameRange     '1.5.1',
517 silly addNameRange     '1.5.2',
517 silly addNameRange     '1.6.0',
517 silly addNameRange     '1.5.3',
517 silly addNameRange     '1.6.1',
517 silly addNameRange     '1.6.2',
517 silly addNameRange     '1.7.0',
517 silly addNameRange     '1.8.0',
517 silly addNameRange     '1.8.1',
517 silly addNameRange     '1.8.2',
517 silly addNameRange     '1.8.3',
517 silly addNameRange     '1.8.4' ] ]
518 silly addNamed nan@1.2.0
519 verbose addNamed "1.2.0" is a plain semver version for nan
520 silly cache afterAdd nan@1.2.0
521 verbose afterAdd /Users/romanwang/.npm/nan/1.2.0/package/package.json not in flight; writing
522 verbose afterAdd /Users/romanwang/.npm/nan/1.2.0/package/package.json written
523 silly install resolved [ { name: 'nan',
523 silly install resolved     version: '1.2.0',
523 silly install resolved     description: 'Native Abstractions for Node.js: C++ header for Node 0.8->0.12 compatibility',
523 silly install resolved     main: 'include_dirs.js',
523 silly install resolved     repository: { type: 'git', url: 'git://github.com/rvagg/nan.git' },
523 silly install resolved     contributors: [ [Object], [Object], [Object], [Object], [Object], [Object] ],
523 silly install resolved     license: 'MIT',
523 silly install resolved     bugs: { url: 'https://github.com/rvagg/nan/issues' },
523 silly install resolved     homepage: 'https://github.com/rvagg/nan',
523 silly install resolved     _id: 'nan@1.2.0',
523 silly install resolved     dist:
523 silly install resolved      { shasum: '9c4d63ce9e4f8e95de2d574e18f7925554a8a8ef',
523 silly install resolved        tarball: 'http://registry.npmjs.org/nan/-/nan-1.2.0.tgz' },
523 silly install resolved     _from: 'nan@>=1.2.0 <1.3.0',
523 silly install resolved     _npmVersion: '1.4.3',
523 silly install resolved     _npmUser: { name: 'rvagg', email: 'rod@vagg.org' },
523 silly install resolved     maintainers: [ [Object] ],
523 silly install resolved     directories: {},
523 silly install resolved     _shasum: '9c4d63ce9e4f8e95de2d574e18f7925554a8a8ef',
523 silly install resolved     _resolved: 'https://registry.npmjs.org/nan/-/nan-1.2.0.tgz',
523 silly install resolved     readme: 'ERROR: No README data found!' } ]
524 info install nan@1.2.0 into /Users/romanwang/Documents/punchsystem/node_modules/qrcode/node_modules/canvas
525 info installOne nan@1.2.0
526 verbose installOne of nan to /Users/romanwang/Documents/punchsystem/node_modules/qrcode/node_modules/canvas not in flight; installing
527 verbose lock using /Users/romanwang/.npm/_locks/nan-4cbd6b1404f01a7e.lock for /Users/romanwang/Documents/punchsystem/node_modules/qrcode/node_modules/canvas/node_modules/nan
528 silly install write writing nan 1.2.0 to /Users/romanwang/Documents/punchsystem/node_modules/qrcode/node_modules/canvas/node_modules/nan
529 verbose unbuild node_modules/qrcode/node_modules/canvas/node_modules/nan
530 silly gentlyRm /Users/romanwang/Documents/punchsystem/node_modules/qrcode/node_modules/canvas/node_modules/nan is being purged from base /Users/romanwang/Documents/punchsystem
531 verbose gentlyRm don't care about contents; nuking /Users/romanwang/Documents/punchsystem/node_modules/qrcode/node_modules/canvas/node_modules/nan
532 verbose tar unpack /Users/romanwang/.npm/nan/1.2.0/package.tgz
533 verbose tar unpacking to /Users/romanwang/Documents/punchsystem/node_modules/qrcode/node_modules/canvas/node_modules/nan
534 silly gentlyRm /Users/romanwang/Documents/punchsystem/node_modules/qrcode/node_modules/canvas/node_modules/nan is being purged
535 verbose gentlyRm don't care about contents; nuking /Users/romanwang/Documents/punchsystem/node_modules/qrcode/node_modules/canvas/node_modules/nan
536 silly gunzTarPerm modes [ '755', '644' ]
537 silly gunzTarPerm extractEntry package.json
538 silly gunzTarPerm extractEntry README.md
539 silly gunzTarPerm extractEntry LICENSE
540 silly gunzTarPerm extractEntry include_dirs.js
541 silly gunzTarPerm extractEntry .dntrc
542 silly gunzTarPerm extractEntry build/config.gypi
543 silly gunzTarPerm extractEntry nan.h
544 verbose write writing to /Users/romanwang/Documents/punchsystem/node_modules/qrcode/node_modules/canvas/node_modules/nan/package.json
545 info preinstall nan@1.2.0
546 verbose readDependencies loading dependencies from /Users/romanwang/Documents/punchsystem/node_modules/qrcode/node_modules/canvas/node_modules/nan/package.json
547 verbose readDependencies loading dependencies from /Users/romanwang/Documents/punchsystem/node_modules/qrcode/node_modules/canvas/node_modules/nan/package.json
548 silly install resolved []
549 verbose about to build /Users/romanwang/Documents/punchsystem/node_modules/qrcode/node_modules/canvas/node_modules/nan
550 info build /Users/romanwang/Documents/punchsystem/node_modules/qrcode/node_modules/canvas/node_modules/nan
551 info linkStuff nan@1.2.0
552 silly linkStuff nan@1.2.0 has /Users/romanwang/Documents/punchsystem/node_modules/qrcode/node_modules/canvas/node_modules as its parent node_modules
553 verbose linkBins nan@1.2.0
554 verbose linkMans nan@1.2.0
555 verbose rebuildBundles nan@1.2.0
556 info install nan@1.2.0
557 info postinstall nan@1.2.0
558 verbose unlock done using /Users/romanwang/.npm/_locks/nan-4cbd6b1404f01a7e.lock for /Users/romanwang/Documents/punchsystem/node_modules/qrcode/node_modules/canvas/node_modules/nan
559 verbose about to build /Users/romanwang/Documents/punchsystem/node_modules/qrcode/node_modules/canvas
560 info build /Users/romanwang/Documents/punchsystem/node_modules/qrcode/node_modules/canvas
561 info linkStuff canvas@1.1.6
562 silly linkStuff canvas@1.1.6 has /Users/romanwang/Documents/punchsystem/node_modules/qrcode/node_modules as its parent node_modules
563 verbose linkBins canvas@1.1.6
564 verbose linkMans canvas@1.1.6
565 verbose rebuildBundles canvas@1.1.6
566 verbose rebuildBundles [ 'nan' ]
567 info install canvas@1.1.6
568 verbose unsafe-perm in lifecycle true
569 http 304 https://registry.npmjs.org/to-utf8
570 silly get cb [ 304,
570 silly get   { date: 'Thu, 16 Jul 2015 14:29:08 GMT',
570 silly get     via: '1.1 varnish',
570 silly get     'cache-control': 'max-age=60',
570 silly get     etag: '"37E3BUX6G8KNXLTKZURFJ9HAE"',
570 silly get     age: '0',
570 silly get     connection: 'keep-alive',
570 silly get     'x-served-by': 'cache-atl6225-ATL',
570 silly get     'x-cache': 'HIT',
570 silly get     'x-cache-hits': '1',
570 silly get     'x-timer': 'S1437056948.303731,VS0,VE87',
570 silly get     vary: 'Accept' } ]
571 verbose etag https://registry.npmjs.org/to-utf8 from cache
572 verbose get saving to-utf8 to /Users/romanwang/.npm/registry.npmjs.org/to-utf8/.cache.json
573 silly cache afterAdd to-utf8@0.0.1
574 verbose afterAdd /Users/romanwang/.npm/to-utf8/0.0.1/package/package.json not in flight; writing
575 verbose afterAdd /Users/romanwang/.npm/to-utf8/0.0.1/package/package.json written
576 silly install resolved [ { author:
576 silly install resolved      { name: 'T. Jameson Little',
576 silly install resolved        email: 't.jameson.little@gmail.com' },
576 silly install resolved     name: 'base64-js',
576 silly install resolved     description: 'Base64 encoding/decoding in pure JS',
576 silly install resolved     version: '0.0.2',
576 silly install resolved     repository:
576 silly install resolved      { type: 'git',
576 silly install resolved        url: 'git://github.com/beatgammit/deflate-js.git' },
576 silly install resolved     main: 'lib/b64.js',
576 silly install resolved     scripts: { test: 'cd test; node runner.js; cd -' },
576 silly install resolved     engines: { node: '>= 0.4' },
576 silly install resolved     dependencies: {},
576 silly install resolved     devDependencies: {},
576 silly install resolved     _npmUser: { name: 'beatgammit', email: 't.jameson.little@gmail.com' },
576 silly install resolved     _id: 'base64-js@0.0.2',
576 silly install resolved     _engineSupported: true,
576 silly install resolved     _npmVersion: '1.0.106',
576 silly install resolved     _nodeVersion: 'v0.6.2',
576 silly install resolved     _defaultsLoaded: true,
576 silly install resolved     dist:
576 silly install resolved      { shasum: '024f0f72afa25b75f9c0ee73cd4f55ec1bed9784',
576 silly install resolved        tarball: 'http://registry.npmjs.org/base64-js/-/base64-js-0.0.2.tgz' },
576 silly install resolved     maintainers: [ [Object] ],
576 silly install resolved     directories: {},
576 silly install resolved     _shasum: '024f0f72afa25b75f9c0ee73cd4f55ec1bed9784',
576 silly install resolved     _from: 'base64-js@0.0.2',
576 silly install resolved     _resolved: 'https://registry.npmjs.org/base64-js/-/base64-js-0.0.2.tgz',
576 silly install resolved     bugs: { url: 'https://github.com/beatgammit/deflate-js/issues' },
576 silly install resolved     readme: 'ERROR: No README data found!',
576 silly install resolved     homepage: 'https://github.com/beatgammit/deflate-js' },
576 silly install resolved   { name: 'to-utf8',
576 silly install resolved     version: '0.0.1',
576 silly install resolved     description: 'single-function form of node\'s Buffer.toString(utf8)',
576 silly install resolved     main: 'index.js',
576 silly install resolved     scripts: { test: 'node test.js' },
576 silly install resolved     repository:
576 silly install resolved      { type: 'git',
576 silly install resolved        url: 'git://github.com/chrisdickinson/to-utf8.git' },
576 silly install resolved     keywords: [ 'utf8', 'buffer' ],
576 silly install resolved     author: { name: 'Chris Dickinson', email: 'chris@neversaw.us' },
576 silly install resolved     license: 'MIT',
576 silly install resolved     devDependencies: { tape: '~0.2.2' },
576 silly install resolved     _id: 'to-utf8@0.0.1',
576 silly install resolved     dist:
576 silly install resolved      { shasum: 'd17aea72ff2fba39b9e43601be7b3ff72e089852',
576 silly install resolved        tarball: 'http://registry.npmjs.org/to-utf8/-/to-utf8-0.0.1.tgz' },
576 silly install resolved     _npmVersion: '1.1.69',
576 silly install resolved     _npmUser: { name: 'chrisdickinson', email: 'chris@neversaw.us' },
576 silly install resolved     maintainers: [ [Object] ],
576 silly install resolved     directories: {},
576 silly install resolved     _shasum: 'd17aea72ff2fba39b9e43601be7b3ff72e089852',
576 silly install resolved     _from: 'to-utf8@0.0.1',
576 silly install resolved     _resolved: 'https://registry.npmjs.org/to-utf8/-/to-utf8-0.0.1.tgz',
576 silly install resolved     bugs: { url: 'https://github.com/chrisdickinson/to-utf8/issues' },
576 silly install resolved     readme: 'ERROR: No README data found!',
576 silly install resolved     homepage: 'https://github.com/chrisdickinson/to-utf8' } ]
577 info install base64-js@0.0.2 into /Users/romanwang/Documents/punchsystem/node_modules/qrcode/node_modules/bops
578 info install to-utf8@0.0.1 into /Users/romanwang/Documents/punchsystem/node_modules/qrcode/node_modules/bops
579 info installOne base64-js@0.0.2
580 verbose installOne of base64-js to /Users/romanwang/Documents/punchsystem/node_modules/qrcode/node_modules/bops not in flight; installing
581 info installOne to-utf8@0.0.1
582 verbose installOne of to-utf8 to /Users/romanwang/Documents/punchsystem/node_modules/qrcode/node_modules/bops not in flight; installing
583 verbose lock using /Users/romanwang/.npm/_locks/to-utf8-56e8144ec4877201.lock for /Users/romanwang/Documents/punchsystem/node_modules/qrcode/node_modules/bops/node_modules/to-utf8
584 verbose lock using /Users/romanwang/.npm/_locks/base64-js-10d10651b85b2843.lock for /Users/romanwang/Documents/punchsystem/node_modules/qrcode/node_modules/bops/node_modules/base64-js
585 silly install write writing to-utf8 0.0.1 to /Users/romanwang/Documents/punchsystem/node_modules/qrcode/node_modules/bops/node_modules/to-utf8
586 silly install write writing base64-js 0.0.2 to /Users/romanwang/Documents/punchsystem/node_modules/qrcode/node_modules/bops/node_modules/base64-js
587 verbose unbuild node_modules/qrcode/node_modules/bops/node_modules/to-utf8
588 silly gentlyRm /Users/romanwang/Documents/punchsystem/node_modules/qrcode/node_modules/bops/node_modules/to-utf8 is being purged from base /Users/romanwang/Documents/punchsystem
589 verbose gentlyRm don't care about contents; nuking /Users/romanwang/Documents/punchsystem/node_modules/qrcode/node_modules/bops/node_modules/to-utf8
590 verbose tar unpack /Users/romanwang/.npm/to-utf8/0.0.1/package.tgz
591 verbose tar unpacking to /Users/romanwang/Documents/punchsystem/node_modules/qrcode/node_modules/bops/node_modules/to-utf8
592 silly gentlyRm /Users/romanwang/Documents/punchsystem/node_modules/qrcode/node_modules/bops/node_modules/to-utf8 is being purged
593 verbose gentlyRm don't care about contents; nuking /Users/romanwang/Documents/punchsystem/node_modules/qrcode/node_modules/bops/node_modules/to-utf8
594 verbose unbuild node_modules/qrcode/node_modules/bops/node_modules/base64-js
595 silly gunzTarPerm modes [ '755', '644' ]
596 silly gentlyRm /Users/romanwang/Documents/punchsystem/node_modules/qrcode/node_modules/bops/node_modules/base64-js is being purged from base /Users/romanwang/Documents/punchsystem
597 verbose gentlyRm don't care about contents; nuking /Users/romanwang/Documents/punchsystem/node_modules/qrcode/node_modules/bops/node_modules/base64-js
598 verbose tar unpack /Users/romanwang/.npm/base64-js/0.0.2/package.tgz
599 verbose tar unpacking to /Users/romanwang/Documents/punchsystem/node_modules/qrcode/node_modules/bops/node_modules/base64-js
600 silly gentlyRm /Users/romanwang/Documents/punchsystem/node_modules/qrcode/node_modules/bops/node_modules/base64-js is being purged
601 verbose gentlyRm don't care about contents; nuking /Users/romanwang/Documents/punchsystem/node_modules/qrcode/node_modules/bops/node_modules/base64-js
602 silly gunzTarPerm modes [ '755', '644' ]
603 silly gunzTarPerm extractEntry package.json
604 silly gunzTarPerm extractEntry package.json
605 silly gunzTarPerm extractEntry README.md
606 silly gunzTarPerm extractEntry index.js
607 silly gunzTarPerm extractEntry README.md
608 silly gunzTarPerm extractEntry lib/b64.js
609 silly gunzTarPerm extractEntry test.js
610 silly gunzTarPerm extractEntry test/runner.js
611 verbose write writing to /Users/romanwang/Documents/punchsystem/node_modules/qrcode/node_modules/bops/node_modules/to-utf8/package.json
612 info preinstall to-utf8@0.0.1
613 verbose readDependencies loading dependencies from /Users/romanwang/Documents/punchsystem/node_modules/qrcode/node_modules/bops/node_modules/to-utf8/package.json
614 verbose write writing to /Users/romanwang/Documents/punchsystem/node_modules/qrcode/node_modules/bops/node_modules/base64-js/package.json
615 info preinstall base64-js@0.0.2
616 verbose readDependencies loading dependencies from /Users/romanwang/Documents/punchsystem/node_modules/qrcode/node_modules/bops/node_modules/to-utf8/package.json
617 verbose readDependencies loading dependencies from /Users/romanwang/Documents/punchsystem/node_modules/qrcode/node_modules/bops/node_modules/base64-js/package.json
618 silly install resolved []
619 verbose about to build /Users/romanwang/Documents/punchsystem/node_modules/qrcode/node_modules/bops/node_modules/to-utf8
620 info build /Users/romanwang/Documents/punchsystem/node_modules/qrcode/node_modules/bops/node_modules/to-utf8
621 verbose readDependencies loading dependencies from /Users/romanwang/Documents/punchsystem/node_modules/qrcode/node_modules/bops/node_modules/base64-js/package.json
622 info linkStuff to-utf8@0.0.1
623 silly linkStuff to-utf8@0.0.1 has /Users/romanwang/Documents/punchsystem/node_modules/qrcode/node_modules/bops/node_modules as its parent node_modules
624 silly install resolved []
625 verbose about to build /Users/romanwang/Documents/punchsystem/node_modules/qrcode/node_modules/bops/node_modules/base64-js
626 info build /Users/romanwang/Documents/punchsystem/node_modules/qrcode/node_modules/bops/node_modules/base64-js
627 info linkStuff base64-js@0.0.2
628 silly linkStuff base64-js@0.0.2 has /Users/romanwang/Documents/punchsystem/node_modules/qrcode/node_modules/bops/node_modules as its parent node_modules
629 verbose linkBins to-utf8@0.0.1
630 verbose linkMans to-utf8@0.0.1
631 verbose rebuildBundles to-utf8@0.0.1
632 info install to-utf8@0.0.1
633 info postinstall to-utf8@0.0.1
634 verbose linkBins base64-js@0.0.2
635 verbose linkMans base64-js@0.0.2
636 verbose rebuildBundles base64-js@0.0.2
637 verbose unlock done using /Users/romanwang/.npm/_locks/to-utf8-56e8144ec4877201.lock for /Users/romanwang/Documents/punchsystem/node_modules/qrcode/node_modules/bops/node_modules/to-utf8
638 info install base64-js@0.0.2
639 info postinstall base64-js@0.0.2
640 verbose unlock done using /Users/romanwang/.npm/_locks/base64-js-10d10651b85b2843.lock for /Users/romanwang/Documents/punchsystem/node_modules/qrcode/node_modules/bops/node_modules/base64-js
641 verbose about to build /Users/romanwang/Documents/punchsystem/node_modules/qrcode/node_modules/bops
642 info build /Users/romanwang/Documents/punchsystem/node_modules/qrcode/node_modules/bops
643 info linkStuff bops@0.0.6
644 silly linkStuff bops@0.0.6 has /Users/romanwang/Documents/punchsystem/node_modules/qrcode/node_modules as its parent node_modules
645 verbose linkBins bops@0.0.6
646 verbose linkMans bops@0.0.6
647 verbose rebuildBundles bops@0.0.6
648 verbose rebuildBundles [ 'base64-js', 'to-utf8' ]
649 info install bops@0.0.6
650 info postinstall bops@0.0.6
651 verbose unlock done using /Users/romanwang/.npm/_locks/bops-a6213c6305d0a886.lock for /Users/romanwang/Documents/punchsystem/node_modules/qrcode/node_modules/bops
652 info canvas@1.1.6 Failed to exec install script
653 verbose unlock done using /Users/romanwang/.npm/_locks/canvas-579f37a4bca5b74d.lock for /Users/romanwang/Documents/punchsystem/node_modules/qrcode/node_modules/canvas
654 verbose about to build /Users/romanwang/Documents/punchsystem/node_modules/qrcode
655 verbose unlock done using /Users/romanwang/.npm/_locks/qrcode-209f888cd374f08e.lock for /Users/romanwang/Documents/punchsystem/node_modules/qrcode
656 verbose stack Error: canvas@1.1.6 install: `node-gyp rebuild`
656 verbose stack Exit status 1
656 verbose stack     at EventEmitter.<anonymous> (/usr/local/Cellar/nvm/0.25.4/versions/node/v0.12.7/lib/node_modules/npm/lib/utils/lifecycle.js:213:16)
656 verbose stack     at EventEmitter.emit (events.js:110:17)
656 verbose stack     at ChildProcess.<anonymous> (/usr/local/Cellar/nvm/0.25.4/versions/node/v0.12.7/lib/node_modules/npm/lib/utils/spawn.js:24:14)
656 verbose stack     at ChildProcess.emit (events.js:110:17)
656 verbose stack     at maybeClose (child_process.js:1015:16)
656 verbose stack     at Process.ChildProcess._handle.onexit (child_process.js:1087:5)
657 verbose pkgid canvas@1.1.6
658 verbose cwd /Users/romanwang/Documents/punchsystem
659 error Darwin 14.3.0
660 error argv "/usr/local/opt/nvm/versions/node/v0.12.7/bin/node" "/usr/local/opt/nvm/versions/node/v0.12.7/bin/npm" "install"
661 error node v0.12.7
662 error npm  v2.11.3
663 error code ELIFECYCLE
664 error canvas@1.1.6 install: `node-gyp rebuild`
664 error Exit status 1
665 error Failed at the canvas@1.1.6 install script 'node-gyp rebuild'.
665 error This is most likely a problem with the canvas package,
665 error not with npm itself.
665 error Tell the author that this fails on your system:
665 error     node-gyp rebuild
665 error You can get their info via:
665 error     npm owner ls canvas
665 error There is likely additional logging output above.
666 verbose exit [ 1, true ]
667 verbose unbuild node_modules/qrcode/node_modules/canvas
668 info preuninstall canvas@1.1.6
669 info uninstall canvas@1.1.6
670 verbose unbuild rmStuff canvas@1.1.6 from /Users/romanwang/Documents/punchsystem/node_modules
671 verbose unbuild rmStuff in /Users/romanwang/Documents/punchsystem/node_modules/qrcode/node_modules
672 info postuninstall canvas@1.1.6
673 silly gentlyRm /Users/romanwang/Documents/punchsystem/node_modules/qrcode/node_modules/canvas is being purged from base /Users/romanwang/Documents/punchsystem
674 verbose gentlyRm don't care about contents; nuking /Users/romanwang/Documents/punchsystem/node_modules/qrcode/node_modules/canvas
675 silly vacuum-fs purging /Users/romanwang/Documents/punchsystem/node_modules/qrcode/node_modules/canvas
676 silly vacuum-fs quitting because other entries in /Users/romanwang/Documents/punchsystem/node_modules/qrcode/node_modules
677 verbose unbuild node_modules/qrcode
678 info preuninstall qrcode@0.2.12
679 info uninstall qrcode@0.2.12
680 verbose unbuild rmStuff qrcode@0.2.12 from /Users/romanwang/Documents/punchsystem/node_modules
681 silly gentlyRm /Users/romanwang/Documents/punchsystem/node_modules/.bin/qrcode is being gently removed
682 silly gentlyRm verifying /Users/romanwang/Documents/punchsystem is an npm working directory
683 silly gentlyRm containing path /Users/romanwang/Documents/punchsystem is under npm's control, in /Users/romanwang/Documents/punchsystem
684 silly gentlyRm deletion target /Users/romanwang/Documents/punchsystem/node_modules/.bin/qrcode is under /Users/romanwang/Documents/punchsystem
685 verbose gentlyRm vacuuming from /Users/romanwang/Documents/punchsystem/node_modules/.bin/qrcode up to /Users/romanwang/Documents/punchsystem
686 info postuninstall qrcode@0.2.12
687 silly gentlyRm /Users/romanwang/Documents/punchsystem/node_modules/qrcode is being purged from base /Users/romanwang/Documents/punchsystem
688 verbose gentlyRm don't care about contents; nuking /Users/romanwang/Documents/punchsystem/node_modules/qrcode
689 silly vacuum-fs purging /Users/romanwang/Documents/punchsystem/node_modules/qrcode
690 silly vacuum-fs quitting because other entries in /Users/romanwang/Documents/punchsystem/node_modules
